11-28 07:44 logger       INFO     add {'date': '10/2/18', 'name': 'trip', 'id': '01'}
11-28 07:44 logger       INFO     add {'date': '10/2/18', 'name': 'trip', 'id': '03'}
11-28 07:44 logger       INFO     add {'date': '11/2/18', 'name': 'trip', 'id': '02'}
11-28 07:44 logger       INFO     remaining time : -0.20000000000000007
11-28 07:44 logger       INFO     duration between pattaya and bangkok : 1 hour 56 mins
11-28 07:44 logger       INFO     remaining time : 17.0
11-28 07:44 logger       INFO     remaining time : 18.45
11-28 07:44 logger       INFO     remaining time : 7.000000000000001
11-28 07:44 logger       INFO     chonburi, 1,3 hours, 02/12/2018,15:54 saved!
11-28 07:44 logger       INFO     search: [{'formatted_address': 'Bangkok, Thailand', 'name': 'Bangkok'}]
11-28 07:44 logger       INFO     duration between pattaya and bangkok : 1 hour 56 mins
11-28 07:44 logger       INFO     duration between phuket and chaingmai : 19 hours 58 mins
11-28 07:44 logger       INFO     duration between pat taya and b a n g kok : 1 hour 56 mins
11-28 07:44 logger       INFO     duration between Central World and chaingm ai : 8 hours 53 mins
11-28 08:03 logger       INFO     add {'date': '10/2/18', 'name': 'trip', 'id': '01'}
11-28 08:03 logger       INFO     add {'date': '10/2/18', 'name': 'trip', 'id': '03'}
11-28 08:03 logger       INFO     add {'date': '11/2/18', 'name': 'trip', 'id': '02'}
11-28 08:03 logger       INFO     remaining time : -0.20000000000000007
11-28 08:03 logger       INFO     duration between pattaya and bangkok : 1 hour 56 mins
11-28 08:03 logger       INFO     remaining time : 17.0
11-28 08:03 logger       INFO     remaining time : 18.45
11-28 08:03 logger       INFO     remaining time : 7.000000000000001
11-28 08:03 logger       INFO     chonburi, 1,3 hours, 02/12/2018,15:54 saved!
11-28 08:03 logger       INFO     search: [{'formatted_address': 'Bangkok, Thailand', 'name': 'Bangkok'}]
11-28 08:03 logger       INFO     duration between pattaya and bangkok : 1 hour 56 mins
11-28 08:03 logger       INFO     duration between phuket and chaingmai : 19 hours 58 mins
11-28 08:03 logger       INFO     duration between pat taya and b a n g kok : 1 hour 56 mins
11-28 08:03 logger       INFO     duration between Central World and chaingm ai : 8 hours 53 mins
11-28 08:09 logger       INFO     add {'date': '10/2/18', 'name': 'trip', 'id': '01'}
11-28 08:09 logger       INFO     add {'date': '10/2/18', 'name': 'trip', 'id': '03'}
11-28 08:09 logger       INFO     add {'date': '11/2/18', 'name': 'trip', 'id': '02'}
11-28 08:09 logger       INFO     remaining time : -0.20000000000000007
11-28 08:09 logger       INFO     duration between pattaya and bangkok : 1 hour 56 mins
11-28 08:09 logger       INFO     remaining time : 17.0
11-28 08:09 logger       INFO     remaining time : 18.45
11-28 08:09 logger       INFO     remaining time : 7.000000000000001
11-28 08:09 logger       INFO     chonburi, 1,3 hours, 02/12/2018,15:54 saved!
11-28 08:09 logger       INFO     search: [{'formatted_address': 'Bangkok, Thailand', 'name': 'Bangkok'}]
11-28 08:09 logger       INFO     duration between pattaya and bangkok : 1 hour 56 mins
11-28 08:09 logger       INFO     duration between phuket and chaingmai : 19 hours 58 mins
11-28 08:09 logger       INFO     duration between pat taya and b a n g kok : 1 hour 56 mins
11-28 08:09 logger       INFO     duration between Central World and chaingm ai : 8 hours 53 mins
11-28 08:12 logger       INFO     add {'date': '10/2/18', 'name': 'trip', 'id': '01'}
11-28 08:12 logger       INFO     add {'date': '10/2/18', 'name': 'trip', 'id': '03'}
11-28 08:12 logger       INFO     add {'date': '11/2/18', 'name': 'trip', 'id': '02'}
11-28 08:12 logger       INFO     remaining time : -0.20000000000000007
11-28 08:12 logger       INFO     duration between pattaya and bangkok : 1 hour 56 mins
11-28 08:12 logger       INFO     remaining time : 17.0
11-28 08:12 logger       INFO     remaining time : 18.45
11-28 08:12 logger       INFO     remaining time : 7.000000000000001
11-28 08:12 logger       INFO     chonburi, 1,3 hours, 02/12/2018,15:54 saved!
11-28 08:12 logger       INFO     search: [{'formatted_address': 'Bangkok, Thailand', 'name': 'Bangkok'}]
11-28 08:12 logger       INFO     duration between pattaya and bangkok : 1 hour 56 mins
11-28 08:12 logger       INFO     duration between phuket and chaingmai : 19 hours 58 mins
11-28 08:12 logger       INFO     duration between pat taya and b a n g kok : 1 hour 56 mins
11-28 08:12 logger       INFO     duration between Central World and chaingm ai : 8 hours 53 mins
11-28 08:20 logger       INFO     add {'date': '10/2/18', 'name': 'trip', 'id': '01'}
11-28 08:20 logger       INFO     add {'date': '10/2/18', 'name': 'trip', 'id': '03'}
11-28 08:20 logger       INFO     add {'date': '11/2/18', 'name': 'trip', 'id': '02'}
11-28 08:20 logger       INFO     remaining time : -0.20000000000000007
11-28 08:20 logger       INFO     duration between pattaya and bangkok : 1 hour 56 mins
11-28 08:20 logger       INFO     remaining time : 17.0
11-28 08:20 logger       INFO     remaining time : 18.45
11-28 08:20 logger       INFO     remaining time : 7.000000000000001
11-28 08:20 logger       INFO     chonburi, 1,3 hours, 02/12/2018,15:54 saved!
11-28 08:20 logger       INFO     search: [{'formatted_address': 'Bangkok, Thailand', 'name': 'Bangkok'}]
11-28 08:20 logger       INFO     duration between pattaya and bangkok : 1 hour 56 mins
11-28 08:20 logger       INFO     duration between phuket and chaingmai : 19 hours 58 mins
11-28 08:20 logger       INFO     duration between pat taya and b a n g kok : 1 hour 56 mins
11-28 08:20 logger       INFO     duration between Central World and chaingm ai : 8 hours 53 mins
11-28 08:34 logger       INFO     add {'date': '10/2/18', 'name': 'trip', 'id': '01'}
11-28 08:34 logger       INFO     add {'date': '10/2/18', 'name': 'trip', 'id': '03'}
11-28 08:34 logger       INFO     add {'date': '11/2/18', 'name': 'trip', 'id': '02'}
11-28 08:34 logger       INFO     remaining time : -0.20000000000000007
11-28 08:34 logger       INFO     duration between pattaya and bangkok : 1 hour 56 mins
11-28 08:34 logger       INFO     remaining time : 17.0
11-28 08:34 logger       INFO     remaining time : 18.45
11-28 08:34 logger       INFO     remaining time : 7.000000000000001
11-28 08:34 logger       INFO     chonburi, 1,3 hours, 02/12/2018,15:54 saved!
11-28 08:34 logger       INFO     search: [{'formatted_address': 'Bangkok, Thailand', 'name': 'Bangkok'}]
11-28 08:34 logger       INFO     duration between pattaya and bangkok : 1 hour 56 mins
11-28 08:34 logger       INFO     duration between phuket and chaingmai : 19 hours 58 mins
11-28 08:34 logger       INFO     duration between pat taya and b a n g kok : 1 hour 56 mins
11-28 08:34 logger       INFO     duration between Central World and chaingm ai : 8 hours 53 mins
11-28 08:38 logger       INFO     add {'date': '10/2/18', 'name': 'trip', 'id': '01'}
11-28 08:38 logger       INFO     add {'date': '10/2/18', 'name': 'trip', 'id': '03'}
11-28 08:38 logger       INFO     add {'date': '11/2/18', 'name': 'trip', 'id': '02'}
11-28 08:38 logger       INFO     remaining time : -0.20000000000000007
11-28 08:38 logger       INFO     duration between pattaya and bangkok : 1 hour 56 mins
11-28 08:38 logger       INFO     remaining time : 17.0
11-28 08:38 logger       INFO     remaining time : 18.45
11-28 08:38 logger       INFO     remaining time : 7.000000000000001
11-28 08:38 logger       INFO     chonburi, 1,3 hours, 02/12/2018,15:54 saved!
11-28 08:38 logger       INFO     search: [{'formatted_address': 'Bangkok, Thailand', 'name': 'Bangkok'}]
11-28 08:38 logger       INFO     duration between pattaya and bangkok : 1 hour 56 mins
11-28 08:38 logger       INFO     duration between phuket and chaingmai : 19 hours 58 mins
11-28 08:38 logger       INFO     duration between pat taya and b a n g kok : 1 hour 56 mins
11-28 08:38 logger       INFO     duration between Central World and chaingm ai : 8 hours 53 mins
11-28 09:39 logger       INFO     add {'date': '10/2/18', 'name': 'trip', 'id': '01'}
11-28 09:39 logger       INFO     add {'date': '10/2/18', 'name': 'trip', 'id': '03'}
11-28 09:39 logger       INFO     add {'date': '11/2/18', 'name': 'trip', 'id': '02'}
11-28 09:39 logger       INFO     remaining time : -0.20000000000000007
11-28 09:39 logger       INFO     duration between pattaya and bangkok : 1 hour 56 mins
11-28 09:39 logger       INFO     remaining time : 17.0
11-28 09:39 logger       INFO     remaining time : 18.45
11-28 09:39 logger       INFO     remaining time : 7.000000000000001
11-28 09:39 logger       INFO     chonburi, 1,3 hours, 02/12/2018,15:54 saved!
11-28 09:39 logger       INFO     search: [{'formatted_address': 'Bangkok, Thailand', 'name': 'Bangkok'}]
11-28 09:39 logger       INFO     duration between pattaya and bangkok : 1 hour 56 mins
11-28 09:39 logger       INFO     duration between phuket and chaingmai : 19 hours 58 mins
11-28 09:39 logger       INFO     duration between pat taya and b a n g kok : 1 hour 56 mins
11-28 09:39 logger       INFO     duration between Central World and chaingm ai : 8 hours 53 mins
11-29 15:00 logger       INFO     add {'date': '10/2/18', 'name': 'trip', 'id': '01'}
11-29 15:00 logger       INFO     add {'date': '10/2/18', 'name': 'trip', 'id': '03'}
11-29 15:00 logger       INFO     add {'date': '11/2/18', 'name': 'trip', 'id': '02'}
11-29 15:00 logger       INFO     remaining time : -0.20000000000000007
11-29 15:00 logger       INFO     duration between pattaya and bangkok : 1 hour 56 mins
11-29 15:00 logger       INFO     remaining time : 17.0
11-29 15:00 logger       INFO     remaining time : 18.45
11-29 15:00 logger       INFO     remaining time : 7.000000000000001
11-29 15:00 logger       INFO     chonburi, 1,3 hours, 02/12/2018,15:54 saved!
11-29 15:01 logger       INFO     search: [{'formatted_address': 'Bangkok, Thailand', 'name': 'Bangkok'}]
11-29 15:01 logger       INFO     duration between pattaya and bangkok : 1 hour 56 mins
11-29 15:01 logger       INFO     duration between phuket and chaingmai : 19 hours 58 mins
11-29 15:01 logger       INFO     duration between pat taya and b a n g kok : 1 hour 56 mins
11-29 15:01 logger       INFO     duration between Central World and chaingm ai : 8 hours 53 mins
11-29 15:29 logger       INFO     add {'date': '10/2/18', 'name': 'trip', 'id': '01'}
11-29 15:29 logger       INFO     add {'date': '10/2/18', 'name': 'trip', 'id': '03'}
11-29 15:29 logger       INFO     add {'date': '11/2/18', 'name': 'trip', 'id': '02'}
11-29 15:29 logger       INFO     remaining time : -0.20000000000000007
11-29 15:29 logger       INFO     duration between pattaya and bangkok : 1 hour 56 mins
11-29 15:29 logger       INFO     remaining time : 17.0
11-29 15:29 logger       INFO     remaining time : 18.45
11-29 15:29 logger       INFO     remaining time : 7.000000000000001
11-29 15:29 logger       INFO     chonburi, 1,3 hours, 02/12/2018,15:54 saved!
11-29 15:29 logger       INFO     search: [{'formatted_address': 'Bangkok, Thailand', 'name': 'Bangkok'}]
11-29 15:29 logger       INFO     duration between pattaya and bangkok : 1 hour 56 mins
11-29 15:29 logger       INFO     duration between phuket and chaingmai : 19 hours 58 mins
11-29 15:29 logger       INFO     duration between pat taya and b a n g kok : 1 hour 56 mins
11-29 15:29 logger       INFO     duration between Central World and chaingm ai : 8 hours 53 mins
11-30 11:18 django.server INFO     "GET /static/js/manifest.2ae2e69a05c33dfc65f8.js HTTP/1.1" 304 0
11-30 11:18 django.server INFO     "GET /static/js/app.078cb63003074d72b2fa.js HTTP/1.1" 304 0
11-30 11:18 django.server INFO     "GET /static/js/vendor.0d6b511f58a42807b804.js HTTP/1.1" 304 0
11-30 11:18 django.server INFO     "GET /static/css/app.8cf8345de2c358f5a3546a816b866972.css HTTP/1.1" 304 0
11-30 11:18 django.server INFO     "GET / HTTP/1.1" 200 698
11-30 11:18 django.server INFO     "GET /static/img/travel-planner.8e0238f.png HTTP/1.1" 304 0
11-30 11:23 django.server INFO     "GET /static/js/manifest.2ae2e69a05c33dfc65f8.js HTTP/1.1" 200 857
11-30 11:23 django.server INFO     "GET /static/css/app.8cf8345de2c358f5a3546a816b866972.css HTTP/1.1" 200 203547
11-30 11:23 django.server INFO     "GET /static/js/vendor.0d6b511f58a42807b804.js HTTP/1.1" 200 409871
11-30 11:23 django.server WARNING  "GET /static/js/app.078cb63003074d72b2fa.js HTTP/1.1" 404 1714
11-30 11:23 django.server INFO     "GET /static/img/travel-planner.8e0238f.png HTTP/1.1" 200 868789
11-30 11:23 django.server INFO     "GET / HTTP/1.1" 200 698
11-30 11:23 django.server INFO     "GET /static/js/app.2b02198652c7e63c1723.js HTTP/1.1" 200 33828
11-30 11:23 django.request ERROR    Internal Server Error: /api/search/
Traceback (most recent call last):
  File "/Users/narissingngam/Desktop/isp/TravelPlanner/map/views.py", line 114, in search_place
    response = urllib.request.urlopen(request, context=context).read()
  File "/anaconda3/lib/python3.6/urllib/request.py", line 223, in urlopen
    return opener.open(url, data, timeout)
  File "/anaconda3/lib/python3.6/urllib/request.py", line 526, in open
    response = self._open(req, data)
  File "/anaconda3/lib/python3.6/urllib/request.py", line 544, in _open
    '_open', req)
  File "/anaconda3/lib/python3.6/urllib/request.py", line 504, in _call_chain
    result = func(*args)
  File "/anaconda3/lib/python3.6/urllib/request.py", line 1361, in https_open
    context=self._context, check_hostname=self._check_hostname)
  File "/anaconda3/lib/python3.6/urllib/request.py", line 1318, in do_open
    encode_chunked=req.has_header('Transfer-encoding'))
  File "/anaconda3/lib/python3.6/http/client.py", line 1239, in request
    self._send_request(method, url, body, headers, encode_chunked)
  File "/anaconda3/lib/python3.6/http/client.py", line 1250, in _send_request
    self.putrequest(method, url, **skips)
  File "/anaconda3/lib/python3.6/http/client.py", line 1117, in putrequest
    self._output(request.encode('ascii'))
UnicodeEncodeError: 'ascii' codec can't encode characters in position 49-60: ordinal not in range(128)

During handling of the above exception, another exception occurred:

Traceback (most recent call last):
  File "/Users/narissingngam/Desktop/isp/TravelPlanner/env/lib/python3.6/site-packages/django/core/handlers/exception.py", line 34, in inner
    response = get_response(request)
  File "/Users/narissingngam/Desktop/isp/TravelPlanner/env/lib/python3.6/site-packages/django/core/handlers/base.py", line 126, in _get_response
    response = self.process_exception_by_middleware(e, request)
  File "/Users/narissingngam/Desktop/isp/TravelPlanner/env/lib/python3.6/site-packages/django/core/handlers/base.py", line 124, in _get_response
    response = wrapped_callback(request, *callback_args, **callback_kwargs)
  File "/Users/narissingngam/Desktop/isp/TravelPlanner/env/lib/python3.6/site-packages/django/views/decorators/csrf.py", line 54, in wrapped_view
    return view_func(*args, **kwargs)
  File "/Users/narissingngam/Desktop/isp/TravelPlanner/map/views.py", line 122, in search_place
    logger.error(sys.exc_info())
NameError: name 'sys' is not defined
11-30 11:23 django.server ERROR    "POST /api/search/ HTTP/1.1" 500 118496
11-30 11:23 django.server INFO     "GET /static/css/app.8cf8345de2c358f5a3546a816b866972.css.map HTTP/1.1" 200 545150
11-30 11:23 django.server INFO     "GET /static/js/app.2b02198652c7e63c1723.js.map HTTP/1.1" 200 115232
11-30 11:23 django.server INFO     "GET /static/js/manifest.2ae2e69a05c33dfc65f8.js.map HTTP/1.1" 200 4972
11-30 11:23 django.server INFO     "GET /static/js/vendor.0d6b511f58a42807b804.js.map HTTP/1.1" 200 1609796
11-30 11:24 logger       INFO     search: [{'formatted_address': '5820 125th Ln NE, Kirkland, WA 98033, USA', 'name': 'Central Park Tennis Club', 'opening_hours': {'open_now': False}}]
11-30 11:24 django.server INFO     "POST /api/search/ HTTP/1.1" 200 142
11-30 11:27 django.request WARNING  Not Found: /catalog/
11-30 11:27 django.server WARNING  "GET /catalog/ HTTP/1.1" 404 2171
11-30 11:27 django.request WARNING  Not Found: /catalog/
11-30 11:27 django.server WARNING  "GET /catalog/ HTTP/1.1" 404 2171
11-30 11:27 django.request WARNING  Not Found: /catalog/
11-30 11:27 django.server WARNING  "GET /catalog/ HTTP/1.1" 404 2171
11-30 11:27 django.request WARNING  Not Found: /catalog/
11-30 11:27 django.server WARNING  "GET /catalog/ HTTP/1.1" 404 2171
11-30 11:28 django.server INFO     "GET / HTTP/1.1" 200 698
11-30 11:28 django.server INFO     "GET /static/js/vendor.0d6b511f58a42807b804.js HTTP/1.1" 200 409871
11-30 11:28 django.server INFO     "GET /static/css/app.8cf8345de2c358f5a3546a816b866972.css HTTP/1.1" 200 203547
11-30 11:28 django.server INFO     "GET /static/js/manifest.2ae2e69a05c33dfc65f8.js HTTP/1.1" 200 857
11-30 11:28 django.server INFO     "GET /static/js/app.2b02198652c7e63c1723.js HTTP/1.1" 200 33828
11-30 11:28 django.server INFO     "GET /static/img/travel-planner.8e0238f.png HTTP/1.1" 200 868789
11-30 11:28 django.request WARNING  Not Found: /favicon.ico
11-30 11:28 django.server WARNING  "GET /favicon.ico HTTP/1.1" 404 2180
11-30 11:28 django.server INFO     "GET /static/js/manifest.2ae2e69a05c33dfc65f8.js.map HTTP/1.1" 200 4972
11-30 11:28 django.server INFO     "GET /static/js/app.2b02198652c7e63c1723.js.map HTTP/1.1" 200 115232
11-30 11:28 django.server INFO     "GET /static/css/app.8cf8345de2c358f5a3546a816b866972.css.map HTTP/1.1" 200 545150
11-30 11:28 django.server INFO     "GET /static/js/vendor.0d6b511f58a42807b804.js.map HTTP/1.1" 200 1609796
11-30 11:28 django.server INFO     "GET / HTTP/1.1" 200 698
11-30 11:28 logger       INFO     search: [{'formatted_address': '999/9 Rama I Rd, Khwaeng Pathum Wan, Khet Pathum Wan, Krung Thep Maha Nakhon 10330, Thailand', 'name': 'CentralWorld', 'opening_hours': {'open_now': True}}]
11-30 11:28 django.server INFO     "POST /api/search/ HTTP/1.1" 200 180
11-30 11:30 django.server INFO     "GET /static/css/app.8cf8345de2c358f5a3546a816b866972.css HTTP/1.1" 304 0
11-30 11:30 django.server INFO     "GET /static/js/manifest.2ae2e69a05c33dfc65f8.js.map HTTP/1.1" 304 0
11-30 11:30 django.server INFO     "GET /static/js/vendor.0d6b511f58a42807b804.js.map HTTP/1.1" 304 0
11-30 11:30 django.server INFO     "GET /static/js/app.2b02198652c7e63c1723.js.map HTTP/1.1" 304 0
11-30 11:30 django.server INFO     "GET /static/css/app.8cf8345de2c358f5a3546a816b866972.css.map HTTP/1.1" 304 0
11-30 11:32 django.server INFO     "GET / HTTP/1.1" 200 698
11-30 11:32 django.server INFO     "GET /static/js/manifest.2ae2e69a05c33dfc65f8.js HTTP/1.1" 200 857
11-30 11:32 django.server INFO     "GET /static/css/app.8cf8345de2c358f5a3546a816b866972.css HTTP/1.1" 200 203547
11-30 11:32 django.server INFO     "GET /static/js/app.580b041084df55ac7a28.js HTTP/1.1" 200 33623
11-30 11:32 django.server INFO     "GET /static/js/vendor.0d6b511f58a42807b804.js HTTP/1.1" 200 409871
11-30 11:32 django.server INFO     "GET /static/img/travel-planner.8e0238f.png HTTP/1.1" 200 868789
11-30 11:32 django.server INFO     "POST /api/user_data/ HTTP/1.1" 200 2
11-30 11:32 django.server INFO     "POST /api/plan_data/ HTTP/1.1" 200 2
11-30 11:32 django.request ERROR    Internal Server Error: /api/search/
Traceback (most recent call last):
  File "/Users/narissingngam/Desktop/isp/TravelPlanner/map/views.py", line 114, in search_place
    response = urllib.request.urlopen(request, context=context).read()
  File "/anaconda3/lib/python3.6/urllib/request.py", line 223, in urlopen
    return opener.open(url, data, timeout)
  File "/anaconda3/lib/python3.6/urllib/request.py", line 526, in open
    response = self._open(req, data)
  File "/anaconda3/lib/python3.6/urllib/request.py", line 544, in _open
    '_open', req)
  File "/anaconda3/lib/python3.6/urllib/request.py", line 504, in _call_chain
    result = func(*args)
  File "/anaconda3/lib/python3.6/urllib/request.py", line 1361, in https_open
    context=self._context, check_hostname=self._check_hostname)
  File "/anaconda3/lib/python3.6/urllib/request.py", line 1318, in do_open
    encode_chunked=req.has_header('Transfer-encoding'))
  File "/anaconda3/lib/python3.6/http/client.py", line 1239, in request
    self._send_request(method, url, body, headers, encode_chunked)
  File "/anaconda3/lib/python3.6/http/client.py", line 1250, in _send_request
    self.putrequest(method, url, **skips)
  File "/anaconda3/lib/python3.6/http/client.py", line 1117, in putrequest
    self._output(request.encode('ascii'))
UnicodeEncodeError: 'ascii' codec can't encode characters in position 49-60: ordinal not in range(128)

During handling of the above exception, another exception occurred:

Traceback (most recent call last):
  File "/Users/narissingngam/Desktop/isp/TravelPlanner/env/lib/python3.6/site-packages/django/core/handlers/exception.py", line 34, in inner
    response = get_response(request)
  File "/Users/narissingngam/Desktop/isp/TravelPlanner/env/lib/python3.6/site-packages/django/core/handlers/base.py", line 126, in _get_response
    response = self.process_exception_by_middleware(e, request)
  File "/Users/narissingngam/Desktop/isp/TravelPlanner/env/lib/python3.6/site-packages/django/core/handlers/base.py", line 124, in _get_response
    response = wrapped_callback(request, *callback_args, **callback_kwargs)
  File "/Users/narissingngam/Desktop/isp/TravelPlanner/env/lib/python3.6/site-packages/django/views/decorators/csrf.py", line 54, in wrapped_view
    return view_func(*args, **kwargs)
  File "/Users/narissingngam/Desktop/isp/TravelPlanner/map/views.py", line 122, in search_place
    logger.error(sys.exc_info())
NameError: name 'sys' is not defined
11-30 11:32 django.server ERROR    "POST /api/search/ HTTP/1.1" 500 118125
11-30 11:33 django.server INFO     "GET /static/css/app.8cf8345de2c358f5a3546a816b866972.css HTTP/1.1" 304 0
11-30 11:33 django.server INFO     "GET /static/js/manifest.2ae2e69a05c33dfc65f8.js.map HTTP/1.1" 200 4972
11-30 11:33 django.server INFO     "GET /static/js/app.580b041084df55ac7a28.js.map HTTP/1.1" 200 115231
11-30 11:33 django.server INFO     "GET /static/js/vendor.0d6b511f58a42807b804.js.map HTTP/1.1" 200 1609796
11-30 11:33 django.server INFO     "GET /static/css/app.8cf8345de2c358f5a3546a816b866972.css.map HTTP/1.1" 200 545150
11-30 11:33 logger       INFO     search: [{'formatted_address': '999/9 Rama I Rd, Khwaeng Pathum Wan, Khet Pathum Wan, Krung Thep Maha Nakhon 10330, Thailand', 'name': 'CentralWorld', 'opening_hours': {'open_now': True}}]
11-30 11:33 django.server INFO     "POST /api/search/ HTTP/1.1" 200 180
11-30 11:33 logger       INFO     remaining time : 22.0
11-30 11:33 django.server INFO     "POST /api/time-remain/ HTTP/1.1" 200 6
11-30 11:33 logger       INFO     duration between Fitness First - The Crystal SB Ratchapruek and CentralWorld : 32 mins
11-30 11:33 django.server INFO     "POST /api/place/ HTTP/1.1" 200 9
11-30 11:33 logger       INFO     remaining time : 19.279999999999998
11-30 11:33 django.server INFO     "POST /api/time-remain/ HTTP/1.1" 200 7
11-30 11:37 logger       INFO     duration between Pattaya Night Walking Street and Fitness First - The Crystal SB Ratchapruek : 2 hours 18 mins
11-30 11:37 django.server INFO     "POST /api/place/ HTTP/1.1" 200 17
11-30 11:37 logger       INFO     remaining time : 15.100000000000001
11-30 11:37 django.server INFO     "POST /api/time-remain/ HTTP/1.1" 200 6
11-30 11:37 django.server INFO     "GET / HTTP/1.1" 200 698
11-30 11:37 django.server INFO     "GET /static/js/manifest.2ae2e69a05c33dfc65f8.js HTTP/1.1" 304 0
11-30 11:37 django.server INFO     "GET /static/js/vendor.0d6b511f58a42807b804.js HTTP/1.1" 304 0
11-30 11:37 django.server INFO     "GET /static/css/app.8cf8345de2c358f5a3546a816b866972.css HTTP/1.1" 304 0
11-30 11:37 django.server INFO     "GET /static/js/app.580b041084df55ac7a28.js HTTP/1.1" 304 0
11-30 11:38 django.server INFO     "GET /static/js/manifest.2ae2e69a05c33dfc65f8.js.map HTTP/1.1" 304 0
11-30 11:38 django.server INFO     "GET /static/js/vendor.0d6b511f58a42807b804.js.map HTTP/1.1" 304 0
11-30 11:38 django.server INFO     "GET /static/js/app.580b041084df55ac7a28.js.map HTTP/1.1" 304 0
11-30 11:38 django.server INFO     "GET /static/css/app.8cf8345de2c358f5a3546a816b866972.css.map HTTP/1.1" 304 0
11-30 11:38 django.server INFO     "POST /api/user_data/ HTTP/1.1" 200 2
11-30 11:44 django.server INFO     "GET /admin/ HTTP/1.1" 302 0
11-30 11:44 django.server INFO     "GET /admin/login/?next=/admin/ HTTP/1.1" 200 1819
11-30 11:44 django.server INFO     "GET /static/admin/css/login.css HTTP/1.1" 200 1203
11-30 11:44 django.server INFO     "GET /static/admin/css/base.css HTTP/1.1" 200 16225
11-30 11:44 django.server INFO     "GET /static/admin/css/responsive.css HTTP/1.1" 200 17976
11-30 11:44 django.server INFO     "GET /static/admin/css/fonts.css HTTP/1.1" 200 423
11-30 11:44 django.server INFO     "GET /static/admin/fonts/Roboto-Regular-webfont.woff HTTP/1.1" 200 80304
11-30 11:44 django.server INFO     "GET /static/admin/fonts/Roboto-Light-webfont.woff HTTP/1.1" 200 81348
11-30 11:44 django.server INFO     "POST /admin/login/?next=/admin/ HTTP/1.1" 302 0
11-30 11:44 django.server INFO     "GET /admin/ HTTP/1.1" 200 6813
11-30 11:44 django.server INFO     "GET /static/admin/css/dashboard.css HTTP/1.1" 200 412
11-30 11:44 django.server INFO     "GET /static/admin/img/icon-addlink.svg HTTP/1.1" 200 331
11-30 11:44 django.server INFO     "GET /static/admin/img/icon-deletelink.svg HTTP/1.1" 200 392
11-30 11:44 django.server INFO     "GET /static/admin/img/icon-changelink.svg HTTP/1.1" 200 380
11-30 11:44 django.server INFO     "GET /static/admin/fonts/Roboto-Bold-webfont.woff HTTP/1.1" 200 82564
11-30 11:44 django.server INFO     "GET /admin/logout/ HTTP/1.1" 200 1207
11-30 11:56 django.server INFO     "GET / HTTP/1.1" 200 698
11-30 11:56 django.server INFO     "GET /static/js/vendor.0d6b511f58a42807b804.js HTTP/1.1" 304 0
11-30 11:56 django.server INFO     "GET /static/js/app.580b041084df55ac7a28.js HTTP/1.1" 304 0
11-30 11:56 django.server INFO     "GET /static/css/app.8cf8345de2c358f5a3546a816b866972.css HTTP/1.1" 304 0
11-30 11:56 django.server INFO     "GET /static/js/manifest.2ae2e69a05c33dfc65f8.js HTTP/1.1" 304 0
11-30 11:56 django.server INFO     "GET /static/js/manifest.2ae2e69a05c33dfc65f8.js.map HTTP/1.1" 304 0
11-30 11:56 django.server INFO     "GET /static/js/vendor.0d6b511f58a42807b804.js.map HTTP/1.1" 304 0
11-30 11:56 django.server INFO     "GET /static/js/app.580b041084df55ac7a28.js.map HTTP/1.1" 304 0
11-30 11:56 django.server INFO     "GET /static/css/app.8cf8345de2c358f5a3546a816b866972.css.map HTTP/1.1" 304 0
11-30 11:56 django.server INFO     "GET /static/img/travel-planner.8e0238f.png HTTP/1.1" 304 0
11-30 11:58 django.server INFO     "GET / HTTP/1.1" 200 698
11-30 12:01 django.server INFO     "GET / HTTP/1.1" 200 698
11-30 12:01 django.server INFO     "GET /static/js/manifest.2ae2e69a05c33dfc65f8.js HTTP/1.1" 200 857
11-30 12:01 django.server INFO     "GET /static/js/app.52477c1956062c5c1c86.js HTTP/1.1" 200 33713
11-30 12:01 django.server INFO     "GET /static/js/vendor.0d6b511f58a42807b804.js HTTP/1.1" 200 409871
11-30 12:01 django.server INFO     "GET /static/css/app.8cf8345de2c358f5a3546a816b866972.css HTTP/1.1" 200 203547
11-30 12:01 django.server INFO     "GET /static/img/travel-planner.8e0238f.png HTTP/1.1" 200 868789
11-30 12:01 django.server INFO     "GET /static/css/app.8cf8345de2c358f5a3546a816b866972.css HTTP/1.1" 304 0
11-30 12:01 django.server INFO     "GET /static/js/manifest.2ae2e69a05c33dfc65f8.js.map HTTP/1.1" 200 4972
11-30 12:01 django.server INFO     "GET /static/js/app.52477c1956062c5c1c86.js.map HTTP/1.1" 200 115281
11-30 12:01 django.server INFO     "GET /static/css/app.8cf8345de2c358f5a3546a816b866972.css.map HTTP/1.1" 200 545150
11-30 12:01 django.server INFO     "GET /static/js/vendor.0d6b511f58a42807b804.js.map HTTP/1.1" 200 1609796
11-30 12:05 django.server INFO     "GET / HTTP/1.1" 200 698
11-30 12:05 django.server INFO     "GET /static/css/app.8cf8345de2c358f5a3546a816b866972.css HTTP/1.1" 304 0
11-30 12:05 django.server INFO     "GET /static/js/app.52477c1956062c5c1c86.js HTTP/1.1" 304 0
11-30 12:05 django.server INFO     "GET /static/js/manifest.2ae2e69a05c33dfc65f8.js HTTP/1.1" 304 0
11-30 12:05 django.server INFO     "GET /static/js/vendor.0d6b511f58a42807b804.js HTTP/1.1" 304 0
11-30 12:05 django.server INFO     "GET /static/img/travel-planner.8e0238f.png HTTP/1.1" 304 0
11-30 12:05 django.server INFO     "GET /static/js/manifest.2ae2e69a05c33dfc65f8.js.map HTTP/1.1" 304 0
11-30 12:05 django.server INFO     "GET /static/js/vendor.0d6b511f58a42807b804.js.map HTTP/1.1" 304 0
11-30 12:05 django.server INFO     "GET /static/js/app.52477c1956062c5c1c86.js.map HTTP/1.1" 304 0
11-30 12:05 django.server INFO     "GET /static/css/app.8cf8345de2c358f5a3546a816b866972.css.map HTTP/1.1" 304 0
11-30 12:09 django.server INFO     "GET / HTTP/1.1" 200 698
11-30 12:09 django.server INFO     "GET /static/js/manifest.2ae2e69a05c33dfc65f8.js HTTP/1.1" 200 857
11-30 12:09 django.server INFO     "GET /static/js/app.dbe3c47021d82ae3edca.js HTTP/1.1" 200 33623
11-30 12:09 django.server INFO     "GET /static/js/vendor.0d6b511f58a42807b804.js HTTP/1.1" 200 409871
11-30 12:09 django.server INFO     "GET /static/css/app.8cf8345de2c358f5a3546a816b866972.css HTTP/1.1" 200 203547
11-30 12:09 django.server INFO     "GET /static/js/manifest.2ae2e69a05c33dfc65f8.js.map HTTP/1.1" 200 4972
11-30 12:09 django.server INFO     "GET /static/css/app.8cf8345de2c358f5a3546a816b866972.css.map HTTP/1.1" 200 545150
11-30 12:09 django.server INFO     "GET /static/js/app.dbe3c47021d82ae3edca.js.map HTTP/1.1" 200 115187
11-30 12:09 django.server INFO     "GET /static/js/vendor.0d6b511f58a42807b804.js.map HTTP/1.1" 200 1609796
11-30 12:10 django.server INFO     "GET / HTTP/1.1" 200 698
11-30 12:10 django.server INFO     "GET /static/js/app.1dee3dfd95ac79627fa5.js HTTP/1.1" 200 33623
11-30 12:10 django.server INFO     "GET /static/css/app.8cf8345de2c358f5a3546a816b866972.css HTTP/1.1" 200 203547
11-30 12:10 django.server INFO     "GET /static/js/manifest.2ae2e69a05c33dfc65f8.js HTTP/1.1" 200 857
11-30 12:10 django.server INFO     "GET /static/js/vendor.0d6b511f58a42807b804.js HTTP/1.1" 200 409871
11-30 12:10 django.server INFO     "GET /static/js/manifest.2ae2e69a05c33dfc65f8.js.map HTTP/1.1" 200 4972
11-30 12:10 django.server INFO     "GET /static/css/app.8cf8345de2c358f5a3546a816b866972.css.map HTTP/1.1" 200 545150
11-30 12:10 django.server INFO     "GET /static/js/app.1dee3dfd95ac79627fa5.js.map HTTP/1.1" 200 115164
11-30 12:10 django.server INFO     "GET /static/js/vendor.0d6b511f58a42807b804.js.map HTTP/1.1" 200 1609796
11-30 12:12 django.server INFO     "GET / HTTP/1.1" 200 698
11-30 12:12 django.server INFO     "GET /static/js/manifest.2ae2e69a05c33dfc65f8.js HTTP/1.1" 304 0
11-30 12:12 django.server INFO     "GET /static/js/vendor.0d6b511f58a42807b804.js HTTP/1.1" 304 0
11-30 12:12 django.server INFO     "GET /static/js/app.1dee3dfd95ac79627fa5.js HTTP/1.1" 304 0
11-30 12:12 django.server INFO     "GET /static/css/app.8cf8345de2c358f5a3546a816b866972.css HTTP/1.1" 304 0
11-30 12:12 django.server INFO     "GET /static/js/manifest.2ae2e69a05c33dfc65f8.js.map HTTP/1.1" 304 0
11-30 12:12 django.server INFO     "GET /static/js/vendor.0d6b511f58a42807b804.js.map HTTP/1.1" 304 0
11-30 12:12 django.server INFO     "GET /static/js/app.1dee3dfd95ac79627fa5.js.map HTTP/1.1" 304 0
11-30 12:12 django.server INFO     "GET /static/css/app.8cf8345de2c358f5a3546a816b866972.css.map HTTP/1.1" 304 0
11-30 12:12 django.server INFO     "GET / HTTP/1.1" 200 698
11-30 12:12 django.server INFO     "GET /static/img/travel-planner.8e0238f.png HTTP/1.1" 200 868789
11-30 12:12 django.server INFO     "GET /static/css/app.8cf8345de2c358f5a3546a816b866972.css HTTP/1.1" 304 0
11-30 12:12 django.server INFO     "GET /static/js/manifest.2ae2e69a05c33dfc65f8.js.map HTTP/1.1" 304 0
11-30 12:12 django.server INFO     "GET /static/js/vendor.0d6b511f58a42807b804.js.map HTTP/1.1" 304 0
11-30 12:12 django.server INFO     "GET /static/js/app.1dee3dfd95ac79627fa5.js.map HTTP/1.1" 304 0
11-30 12:12 django.server INFO     "GET /static/css/app.8cf8345de2c358f5a3546a816b866972.css.map HTTP/1.1" 304 0
11-30 12:13 django.server INFO     "GET / HTTP/1.1" 200 698
11-30 12:13 django.server INFO     "GET /static/css/app.8cf8345de2c358f5a3546a816b866972.css HTTP/1.1" 304 0
11-30 12:13 django.server INFO     "GET /static/js/app.1dee3dfd95ac79627fa5.js HTTP/1.1" 304 0
11-30 12:13 django.server INFO     "GET /static/js/vendor.0d6b511f58a42807b804.js HTTP/1.1" 304 0
11-30 12:13 django.server INFO     "GET /static/js/manifest.2ae2e69a05c33dfc65f8.js HTTP/1.1" 304 0
11-30 12:13 django.server INFO     "GET /static/img/travel-planner.8e0238f.png HTTP/1.1" 304 0
11-30 12:13 django.server INFO     "GET /static/js/manifest.2ae2e69a05c33dfc65f8.js.map HTTP/1.1" 304 0
11-30 12:13 django.server INFO     "GET /static/js/vendor.0d6b511f58a42807b804.js.map HTTP/1.1" 304 0
11-30 12:13 django.server INFO     "GET /static/js/app.1dee3dfd95ac79627fa5.js.map HTTP/1.1" 304 0
11-30 12:13 django.server INFO     "GET /static/css/app.8cf8345de2c358f5a3546a816b866972.css.map HTTP/1.1" 304 0
11-30 12:15 django.server INFO     "GET / HTTP/1.1" 200 698
11-30 12:15 django.server INFO     "GET /static/css/app.8cf8345de2c358f5a3546a816b866972.css HTTP/1.1" 304 0
11-30 12:15 django.server INFO     "GET /static/js/manifest.2ae2e69a05c33dfc65f8.js HTTP/1.1" 304 0
11-30 12:15 django.server INFO     "GET /static/js/vendor.0d6b511f58a42807b804.js HTTP/1.1" 304 0
11-30 12:15 django.server INFO     "GET /static/js/app.1dee3dfd95ac79627fa5.js HTTP/1.1" 304 0
11-30 12:15 django.server INFO     "GET /static/js/manifest.2ae2e69a05c33dfc65f8.js.map HTTP/1.1" 304 0
11-30 12:15 django.server INFO     "GET /static/js/vendor.0d6b511f58a42807b804.js.map HTTP/1.1" 304 0
11-30 12:15 django.server INFO     "GET /static/js/app.1dee3dfd95ac79627fa5.js.map HTTP/1.1" 304 0
11-30 12:15 django.server INFO     "GET /static/css/app.8cf8345de2c358f5a3546a816b866972.css.map HTTP/1.1" 304 0
11-30 12:22 django.server INFO     "GET / HTTP/1.1" 200 698
11-30 12:22 django.server INFO     "GET /static/js/manifest.2ae2e69a05c33dfc65f8.js HTTP/1.1" 304 0
11-30 12:22 django.server INFO     "GET /static/js/vendor.0d6b511f58a42807b804.js HTTP/1.1" 304 0
11-30 12:22 django.server INFO     "GET /static/js/app.1dee3dfd95ac79627fa5.js HTTP/1.1" 304 0
11-30 12:22 django.server INFO     "GET /static/css/app.8cf8345de2c358f5a3546a816b866972.css HTTP/1.1" 304 0
11-30 12:22 django.server INFO     "GET /static/js/vendor.0d6b511f58a42807b804.js.map HTTP/1.1" 304 0
11-30 12:22 django.server INFO     "GET /static/js/manifest.2ae2e69a05c33dfc65f8.js.map HTTP/1.1" 304 0
11-30 12:22 django.server INFO     "GET /static/js/app.1dee3dfd95ac79627fa5.js.map HTTP/1.1" 304 0
11-30 12:22 django.server INFO     "GET /static/css/app.8cf8345de2c358f5a3546a816b866972.css.map HTTP/1.1" 304 0
11-30 12:24 django.server INFO     "GET / HTTP/1.1" 200 698
11-30 12:24 django.server INFO     "GET /static/js/manifest.2ae2e69a05c33dfc65f8.js HTTP/1.1" 304 0
11-30 12:24 django.server INFO     "GET /static/css/app.8cf8345de2c358f5a3546a816b866972.css HTTP/1.1" 304 0
11-30 12:24 django.server INFO     "GET /static/js/app.1dee3dfd95ac79627fa5.js HTTP/1.1" 304 0
11-30 12:24 django.server INFO     "GET /static/js/vendor.0d6b511f58a42807b804.js HTTP/1.1" 304 0
11-30 12:24 django.server INFO     "GET /static/js/manifest.2ae2e69a05c33dfc65f8.js.map HTTP/1.1" 304 0
11-30 12:24 django.server INFO     "GET /static/js/vendor.0d6b511f58a42807b804.js.map HTTP/1.1" 304 0
11-30 12:24 django.server INFO     "GET /static/js/app.1dee3dfd95ac79627fa5.js.map HTTP/1.1" 304 0
11-30 12:24 django.server INFO     "GET /static/css/app.8cf8345de2c358f5a3546a816b866972.css.map HTTP/1.1" 304 0
11-30 12:26 django.server INFO     "GET / HTTP/1.1" 200 698
11-30 12:26 django.server INFO     "GET /static/css/app.8cf8345de2c358f5a3546a816b866972.css HTTP/1.1" 304 0
11-30 12:26 django.server INFO     "GET /static/js/manifest.2ae2e69a05c33dfc65f8.js HTTP/1.1" 304 0
11-30 12:26 django.server INFO     "GET /static/js/vendor.0d6b511f58a42807b804.js HTTP/1.1" 304 0
11-30 12:26 django.server INFO     "GET /static/js/app.1dee3dfd95ac79627fa5.js HTTP/1.1" 304 0
11-30 12:26 django.server INFO     "GET /static/js/manifest.2ae2e69a05c33dfc65f8.js.map HTTP/1.1" 304 0
11-30 12:26 django.server INFO     "GET /static/js/vendor.0d6b511f58a42807b804.js.map HTTP/1.1" 304 0
11-30 12:26 django.server INFO     "GET /static/js/app.1dee3dfd95ac79627fa5.js.map HTTP/1.1" 304 0
11-30 12:26 django.server INFO     "GET /static/css/app.8cf8345de2c358f5a3546a816b866972.css.map HTTP/1.1" 304 0
11-30 12:26 django.server INFO     "GET / HTTP/1.1" 200 698
11-30 12:28 django.server INFO     "GET / HTTP/1.1" 200 698
11-30 12:28 django.server INFO     "GET /static/js/manifest.2ae2e69a05c33dfc65f8.js HTTP/1.1" 200 857
11-30 12:28 django.server INFO     "GET /static/js/app.c75b68673e156a91cb8e.js HTTP/1.1" 200 33623
11-30 12:28 django.server INFO     "GET /static/css/app.8cf8345de2c358f5a3546a816b866972.css HTTP/1.1" 200 203547
11-30 12:28 django.server INFO     "GET /static/js/vendor.0d6b511f58a42807b804.js HTTP/1.1" 200 409871
11-30 12:28 django.server INFO     "GET /static/img/travel-planner.8e0238f.png HTTP/1.1" 200 868789
11-30 12:28 django.server INFO     "GET /static/js/manifest.2ae2e69a05c33dfc65f8.js.map HTTP/1.1" 200 4972
11-30 12:28 django.server INFO     "GET /static/js/app.c75b68673e156a91cb8e.js.map HTTP/1.1" 200 115214
11-30 12:28 django.server INFO     "GET /static/js/vendor.0d6b511f58a42807b804.js.map HTTP/1.1" 200 1609796
11-30 12:28 django.server INFO     "GET /static/css/app.8cf8345de2c358f5a3546a816b866972.css.map HTTP/1.1" 200 545150
11-30 12:33 django.server INFO     "GET / HTTP/1.1" 200 698
11-30 12:33 django.server INFO     "GET /static/js/manifest.2ae2e69a05c33dfc65f8.js HTTP/1.1" 200 857
11-30 12:33 django.server INFO     "GET /static/js/app.c75b68673e156a91cb8e.js HTTP/1.1" 200 33623
11-30 12:33 django.server INFO     "GET /static/js/vendor.0d6b511f58a42807b804.js HTTP/1.1" 200 409871
11-30 12:33 django.server INFO     "GET /static/css/app.8cf8345de2c358f5a3546a816b866972.css HTTP/1.1" 200 203547
11-30 12:33 django.server INFO     "GET /static/img/travel-planner.8e0238f.png HTTP/1.1" 200 868789
11-30 12:34 logger       INFO     add {'date': '2018-11-27', 'name': 'Sathon road', 'id': '1hdaqv02v'}
11-30 12:34 logger       INFO     add {'date': '2018-11-27', 'name': 'pakkanuy', 'id': 'd7p0mg6zj'}
11-30 12:34 django.server INFO     "GET /static/css/app.8cf8345de2c358f5a3546a816b866972.css.map HTTP/1.1" 200 545150
11-30 12:34 django.server INFO     "GET /static/js/manifest.2ae2e69a05c33dfc65f8.js.map HTTP/1.1" 200 4972
11-30 12:34 django.server INFO     "GET /static/js/app.c75b68673e156a91cb8e.js.map HTTP/1.1" 200 115214
11-30 12:34 django.server INFO     "GET /static/js/vendor.0d6b511f58a42807b804.js.map HTTP/1.1" 200 1609796
11-30 12:34 logger       INFO     add {'date': '2018-12-01', 'name': 'วัด9วัน', 'id': '7y5w29w2u'}
11-30 12:34 django.server INFO     "POST /api/user_data/ HTTP/1.1" 200 221
11-30 12:34 django.server INFO     "GET / HTTP/1.1" 200 698
11-30 12:34 django.request WARNING  Not Found: /favicon.ico
11-30 12:34 django.server WARNING  "GET /favicon.ico HTTP/1.1" 404 2180
11-30 12:35 django.server INFO     "GET /static/css/app.8cf8345de2c358f5a3546a816b866972.css HTTP/1.1" 304 0
11-30 12:35 django.server INFO     "GET /static/js/vendor.0d6b511f58a42807b804.js HTTP/1.1" 304 0
11-30 12:35 django.server INFO     "GET / HTTP/1.1" 200 698
11-30 12:35 django.server INFO     "GET /static/js/manifest.2ae2e69a05c33dfc65f8.js HTTP/1.1" 304 0
11-30 12:35 django.server INFO     "GET /static/js/app.c75b68673e156a91cb8e.js HTTP/1.1" 304 0
11-30 12:35 django.server INFO     "GET /static/img/travel-planner.8e0238f.png HTTP/1.1" 304 0
11-30 12:35 django.server INFO     "GET /static/css/app.8cf8345de2c358f5a3546a816b866972.css.map HTTP/1.1" 304 0
11-30 12:35 django.server INFO     "GET /static/js/manifest.2ae2e69a05c33dfc65f8.js.map HTTP/1.1" 304 0
11-30 12:35 django.server INFO     "GET /static/js/app.c75b68673e156a91cb8e.js.map HTTP/1.1" 304 0
11-30 12:35 django.server INFO     "GET /static/js/vendor.0d6b511f58a42807b804.js.map HTTP/1.1" 304 0
11-30 12:35 django.server INFO     "GET / HTTP/1.1" 200 698
11-30 12:35 django.server INFO     "GET /static/js/vendor.0d6b511f58a42807b804.js HTTP/1.1" 200 409871
11-30 12:35 django.server INFO     "GET /static/css/app.8cf8345de2c358f5a3546a816b866972.css HTTP/1.1" 200 203547
11-30 12:35 django.server INFO     "GET /static/js/manifest.2ae2e69a05c33dfc65f8.js HTTP/1.1" 200 857
11-30 12:35 django.server INFO     "GET /static/img/travel-planner.8e0238f.png HTTP/1.1" 200 868789
11-30 12:35 django.server INFO     "GET /static/js/app.c75b68673e156a91cb8e.js HTTP/1.1" 200 33623
11-30 12:35 django.server INFO     "GET /static/css/app.8cf8345de2c358f5a3546a816b866972.css.map HTTP/1.1" 200 545150
11-30 12:35 django.server INFO     "GET /static/js/app.c75b68673e156a91cb8e.js.map HTTP/1.1" 200 115214
11-30 12:35 django.server INFO     "GET /static/js/manifest.2ae2e69a05c33dfc65f8.js.map HTTP/1.1" 200 4972
11-30 12:35 django.server INFO     "GET /static/js/vendor.0d6b511f58a42807b804.js.map HTTP/1.1" 200 1609796
11-30 12:35 django.server INFO     "GET / HTTP/1.1" 200 698
11-30 12:35 django.server INFO     "GET / HTTP/1.1" 200 698
11-30 12:36 django.server INFO     "GET /static/css/app.8cf8345de2c358f5a3546a816b866972.css HTTP/1.1" 304 0
11-30 12:36 django.server INFO     "GET /static/js/manifest.2ae2e69a05c33dfc65f8.js HTTP/1.1" 304 0
11-30 12:36 django.server INFO     "GET /static/js/app.c75b68673e156a91cb8e.js HTTP/1.1" 304 0
11-30 12:36 django.server INFO     "GET /static/js/vendor.0d6b511f58a42807b804.js HTTP/1.1" 304 0
11-30 12:36 django.server INFO     "GET /static/img/travel-planner.8e0238f.png HTTP/1.1" 304 0
11-30 12:36 django.server INFO     "GET / HTTP/1.1" 200 698
11-30 12:36 django.server INFO     "GET /static/css/app.8cf8345de2c358f5a3546a816b866972.css HTTP/1.1" 304 0
11-30 12:36 django.server INFO     "GET /static/js/manifest.2ae2e69a05c33dfc65f8.js HTTP/1.1" 304 0
11-30 12:36 django.server INFO     "GET /static/js/app.c75b68673e156a91cb8e.js HTTP/1.1" 304 0
11-30 12:36 django.server INFO     "GET /static/js/vendor.0d6b511f58a42807b804.js HTTP/1.1" 304 0
11-30 12:36 django.server INFO     "GET /static/img/travel-planner.8e0238f.png HTTP/1.1" 304 0
11-30 12:36 django.server INFO     "GET /static/js/manifest.2ae2e69a05c33dfc65f8.js.map HTTP/1.1" 304 0
11-30 12:36 django.server INFO     "GET /static/js/app.c75b68673e156a91cb8e.js.map HTTP/1.1" 304 0
11-30 12:36 django.server INFO     "GET /static/css/app.8cf8345de2c358f5a3546a816b866972.css.map HTTP/1.1" 304 0
11-30 12:36 django.server INFO     "GET /static/js/vendor.0d6b511f58a42807b804.js.map HTTP/1.1" 304 0
11-30 12:37 django.server INFO     "GET / HTTP/1.1" 200 698
11-30 12:37 django.server INFO     "GET /static/js/manifest.2ae2e69a05c33dfc65f8.js HTTP/1.1" 304 0
11-30 12:37 django.server INFO     "GET /static/css/app.8cf8345de2c358f5a3546a816b866972.css HTTP/1.1" 304 0
11-30 12:37 django.server INFO     "GET /static/js/vendor.0d6b511f58a42807b804.js HTTP/1.1" 304 0
11-30 12:37 django.server INFO     "GET /static/js/app.c75b68673e156a91cb8e.js HTTP/1.1" 304 0
11-30 12:37 django.server INFO     "GET /static/css/app.8cf8345de2c358f5a3546a816b866972.css.map HTTP/1.1" 304 0
11-30 12:37 django.server INFO     "GET /static/js/manifest.2ae2e69a05c33dfc65f8.js.map HTTP/1.1" 304 0
11-30 12:37 django.server INFO     "GET /static/js/vendor.0d6b511f58a42807b804.js.map HTTP/1.1" 304 0
11-30 12:37 django.server INFO     "GET /static/js/app.c75b68673e156a91cb8e.js.map HTTP/1.1" 304 0
11-30 12:38 django.server INFO     "GET / HTTP/1.1" 200 698
11-30 12:38 django.server INFO     "GET /static/css/app.8cf8345de2c358f5a3546a816b866972.css HTTP/1.1" 200 203547
11-30 12:38 django.server INFO     "GET /static/js/app.c75b68673e156a91cb8e.js HTTP/1.1" 200 33623
11-30 12:38 django.server INFO     "GET /static/js/manifest.2ae2e69a05c33dfc65f8.js HTTP/1.1" 200 857
11-30 12:38 django.server INFO     "GET /static/js/vendor.0d6b511f58a42807b804.js HTTP/1.1" 200 409871
11-30 12:38 django.server INFO     "GET /static/js/manifest.2ae2e69a05c33dfc65f8.js.map HTTP/1.1" 200 4972
11-30 12:38 django.server INFO     "GET /static/css/app.8cf8345de2c358f5a3546a816b866972.css.map HTTP/1.1" 200 545150
11-30 12:38 django.server INFO     "GET /static/js/app.c75b68673e156a91cb8e.js.map HTTP/1.1" 200 115214
11-30 12:38 django.server INFO     "GET /static/js/vendor.0d6b511f58a42807b804.js.map HTTP/1.1" 200 1609796
11-30 12:38 django.server INFO     "GET / HTTP/1.1" 200 698
11-30 12:38 django.server INFO     "GET /static/css/app.8cf8345de2c358f5a3546a816b866972.css HTTP/1.1" 200 203547
11-30 12:38 django.server INFO     "GET /static/js/manifest.2ae2e69a05c33dfc65f8.js HTTP/1.1" 200 857
11-30 12:38 django.server INFO     "GET /static/js/vendor.0d6b511f58a42807b804.js HTTP/1.1" 200 409871
11-30 12:38 django.server INFO     "GET /static/js/app.c75b68673e156a91cb8e.js HTTP/1.1" 200 33623
11-30 12:38 django.server INFO     "GET /static/js/manifest.2ae2e69a05c33dfc65f8.js.map HTTP/1.1" 200 4972
11-30 12:38 django.server INFO     "GET /static/css/app.8cf8345de2c358f5a3546a816b866972.css.map HTTP/1.1" 200 545150
11-30 12:38 django.server INFO     "GET /static/js/app.c75b68673e156a91cb8e.js.map HTTP/1.1" 200 115214
11-30 12:38 django.server INFO     "GET /static/js/vendor.0d6b511f58a42807b804.js.map HTTP/1.1" 200 1609796
11-30 12:38 django.server INFO     "GET /static/img/travel-planner.8e0238f.png HTTP/1.1" 200 868789
11-30 12:38 logger       INFO     add {'date': '2018-11-27', 'name': 'Sathon road', 'id': '1hdaqv02v'}
11-30 12:38 logger       INFO     add {'date': '2018-11-27', 'name': 'pakkanuy', 'id': 'd7p0mg6zj'}
11-30 12:38 logger       INFO     add {'date': '2018-12-01', 'name': 'วัด9วัน', 'id': '7y5w29w2u'}
11-30 12:38 django.server INFO     "POST /api/user_data/ HTTP/1.1" 200 221
11-30 12:39 logger       INFO     add {'date': '2018-11-27', 'name': 'Sathon road', 'id': '1hdaqv02v'}
11-30 12:39 logger       INFO     add {'date': '2018-11-27', 'name': 'pakkanuy', 'id': 'd7p0mg6zj'}
11-30 12:39 logger       INFO     add {'date': '2018-12-01', 'name': 'วัด9วัน', 'id': '7y5w29w2u'}
11-30 12:39 django.server INFO     "POST /api/user_data/ HTTP/1.1" 200 221
11-30 12:39 django.server INFO     "GET / HTTP/1.1" 200 698
11-30 12:39 django.server INFO     "GET /static/css/app.8cf8345de2c358f5a3546a816b866972.css HTTP/1.1" 304 0
11-30 12:39 django.server INFO     "GET /static/js/manifest.2ae2e69a05c33dfc65f8.js HTTP/1.1" 304 0
11-30 12:39 django.server INFO     "GET /static/js/app.c75b68673e156a91cb8e.js HTTP/1.1" 304 0
11-30 12:39 django.server INFO     "GET /static/js/vendor.0d6b511f58a42807b804.js HTTP/1.1" 304 0
11-30 12:39 django.server INFO     "GET /static/js/manifest.2ae2e69a05c33dfc65f8.js.map HTTP/1.1" 304 0
11-30 12:39 django.server INFO     "GET /static/js/vendor.0d6b511f58a42807b804.js.map HTTP/1.1" 304 0
11-30 12:39 django.server INFO     "GET /static/js/app.c75b68673e156a91cb8e.js.map HTTP/1.1" 304 0
11-30 12:39 django.server INFO     "GET /static/css/app.8cf8345de2c358f5a3546a816b866972.css.map HTTP/1.1" 304 0
11-30 12:39 logger       INFO     add {'date': '2018-11-27', 'name': 'Sathon road', 'id': '1hdaqv02v'}
11-30 12:39 logger       INFO     add {'date': '2018-11-27', 'name': 'pakkanuy', 'id': 'd7p0mg6zj'}
11-30 12:39 logger       INFO     add {'date': '2018-12-01', 'name': 'วัด9วัน', 'id': '7y5w29w2u'}
11-30 12:39 django.server INFO     "POST /api/user_data/ HTTP/1.1" 200 221
11-30 12:39 logger       INFO     {'id': '7y5w29w2u', 'email': 'mmintttt@gmail.com', 'date': '2018-12-01', 'name': 'วัด9วัน', 'location': 'Temple of the Emerald Buddha', 'spendtime': '2.00', 'times': '08:00', 'duration': '0', 'remaining': '10.00'}
11-30 12:39 logger       INFO     {'id': '7y5w29w2u', 'email': 'mmintttt@gmail.com', 'date': '2018-12-01', 'name': 'วัด9วัน', 'location': 'Wat Phra Chetuphon Vimolmangklararm Rajwaramahaviharn', 'spendtime': '0.30', 'times': '10:01', 'duration': '1 min', 'remaining': '8.0'}
11-30 12:39 logger       INFO     {'id': '7y5w29w2u', 'email': 'mmintttt@gmail.com', 'date': '2018-12-01', 'name': 'วัด9วัน', 'location': 'Wat Arun Ratchawararam Ratchawaramahawihan', 'spendtime': '0.30', 'times': '10:42', 'duration': '11 mins', 'remaining': '7.29'}
11-30 12:39 logger       INFO     {'id': '7y5w29w2u', 'email': 'mmintttt@gmail.com', 'date': '2018-12-01', 'name': 'วัด9วัน', 'location': 'The Crystal Sb', 'spendtime': '1.30', 'times': '11:33', 'duration': '21 mins', 'remaining': '6.48'}
11-30 12:39 logger       INFO     {'id': '7y5w29w2u', 'email': 'mmintttt@gmail.com', 'date': '2018-12-01', 'name': 'วัด9วัน', 'location': '', 'spendtime': '', 'times': '08:00', 'duration': '21 mins', 'remaining': '4.57'}
11-30 12:39 django.server INFO     "POST /api/plan_data/ HTTP/1.1" 200 1235
11-30 12:41 django.server INFO     "GET / HTTP/1.1" 200 698
11-30 12:41 django.server INFO     "GET /static/js/manifest.2ae2e69a05c33dfc65f8.js HTTP/1.1" 200 857
11-30 12:41 django.server INFO     "GET /static/css/app.8cf8345de2c358f5a3546a816b866972.css HTTP/1.1" 200 203547
11-30 12:41 django.server INFO     "GET /static/js/app.c75b68673e156a91cb8e.js HTTP/1.1" 200 33623
11-30 12:41 django.server INFO     "GET /static/js/vendor.0d6b511f58a42807b804.js HTTP/1.1" 200 409871
11-30 12:41 django.server INFO     "GET /static/img/travel-planner.8e0238f.png HTTP/1.1" 200 868789
11-30 12:41 logger       INFO     add {'date': '2018-11-28', 'name': 'Darm tour', 'id': 'ed2cwv3o0'}
11-30 12:41 logger       INFO     add {'date': '2018-11-27', 'name': 'dudu', 'id': 'apgy47g3s'}
11-30 12:41 django.server INFO     "POST /api/user_data/ HTTP/1.1" 200 123
11-30 12:41 logger       INFO     {'id': 'ed2cwv3o0', 'email': 'darmonlyone@gmail.com', 'date': '2018-11-28', 'name': 'Darm tour', 'location': 'Pattaya Night Walking Street', 'spendtime': '0.26', 'times': '01:00', 'duration': '0', 'remaining': '1.00'}
11-30 12:41 logger       INFO     {'id': 'ed2cwv3o0', 'email': 'darmonlyone@gmail.com', 'date': '2018-11-28', 'name': 'Darm tour', 'location': 'Pattaya Park Parking', 'spendtime': '0.26', 'times': '01:38', 'duration': '12 mins', 'remaining': '1.00'}
11-30 12:41 logger       INFO     {'id': 'ed2cwv3o0', 'email': 'darmonlyone@gmail.com', 'date': '2018-11-28', 'name': 'Darm tour', 'location': 'Pattaya Night Bazaar', 'spendtime': '0.01', 'times': '03:44', 'duration': '16 mins', 'remaining': '0.22'}
11-30 12:41 logger       INFO     {'id': 'ed2cwv3o0', 'email': 'darmonlyone@gmail.com', 'date': '2018-11-28', 'name': 'Darm tour', 'location': '', 'spendtime': '', 'times': '01:00', 'duration': '16 mins', 'remaining': '0.05'}
11-30 12:41 django.server INFO     "POST /api/plan_data/ HTTP/1.1" 200 846
11-30 12:42 logger       INFO     {'id': 'apgy47g3s', 'email': 'darmonlyone@gmail.com', 'date': '2018-11-27', 'name': 'dudu', 'location': 'JJ Green Night Market', 'spendtime': '3.00', 'times': '00:00', 'duration': '0', 'remaining': '16.00'}
11-30 12:42 logger       INFO     {'id': 'apgy47g3s', 'email': 'darmonlyone@gmail.com', 'date': '2018-11-27', 'name': 'dudu', 'location': 'Central Plaza Ladprao', 'spendtime': '1.00', 'times': '03:07', 'duration': '7 mins', 'remaining': '13.0'}
11-30 12:42 logger       INFO     {'id': 'apgy47g3s', 'email': 'darmonlyone@gmail.com', 'date': '2018-11-27', 'name': 'dudu', 'location': 'Kasetsart University', 'spendtime': '1.01', 'times': '04:17', 'duration': '10 mins', 'remaining': '11.53'}
11-30 12:42 logger       INFO     {'id': 'apgy47g3s', 'email': 'darmonlyone@gmail.com', 'date': '2018-11-27', 'name': 'dudu', 'location': 'Allianz Stadium', 'spendtime': '', 'times': '00:00', 'duration': '10 mins', 'remaining': '10.42'}
11-30 12:42 django.server INFO     "POST /api/plan_data/ HTTP/1.1" 200 837
11-30 12:42 logger       INFO     {'id': 'apgy47g3s', 'email': 'darmonlyone@gmail.com', 'date': '2018-11-27', 'name': 'dudu', 'location': 'JJ Green Night Market', 'spendtime': '3.00', 'times': '00:00', 'duration': '0', 'remaining': '16.00'}
11-30 12:42 logger       INFO     {'id': 'apgy47g3s', 'email': 'darmonlyone@gmail.com', 'date': '2018-11-27', 'name': 'dudu', 'location': 'Central Plaza Ladprao', 'spendtime': '1.00', 'times': '03:07', 'duration': '7 mins', 'remaining': '13.0'}
11-30 12:42 logger       INFO     {'id': 'apgy47g3s', 'email': 'darmonlyone@gmail.com', 'date': '2018-11-27', 'name': 'dudu', 'location': 'Kasetsart University', 'spendtime': '1.01', 'times': '04:17', 'duration': '10 mins', 'remaining': '11.53'}
11-30 12:42 logger       INFO     {'id': 'apgy47g3s', 'email': 'darmonlyone@gmail.com', 'date': '2018-11-27', 'name': 'dudu', 'location': 'Allianz Stadium', 'spendtime': '', 'times': '00:00', 'duration': '10 mins', 'remaining': '10.42'}
11-30 12:42 django.server INFO     "POST /api/plan_data/ HTTP/1.1" 200 837
11-30 12:42 logger       INFO     {'id': 'ed2cwv3o0', 'email': 'darmonlyone@gmail.com', 'date': '2018-11-28', 'name': 'Darm tour', 'location': 'Pattaya Night Walking Street', 'spendtime': '0.26', 'times': '01:00', 'duration': '0', 'remaining': '1.00'}
11-30 12:42 logger       INFO     {'id': 'ed2cwv3o0', 'email': 'darmonlyone@gmail.com', 'date': '2018-11-28', 'name': 'Darm tour', 'location': 'Pattaya Park Parking', 'spendtime': '0.26', 'times': '01:38', 'duration': '12 mins', 'remaining': '1.00'}
11-30 12:42 logger       INFO     {'id': 'ed2cwv3o0', 'email': 'darmonlyone@gmail.com', 'date': '2018-11-28', 'name': 'Darm tour', 'location': 'Pattaya Night Bazaar', 'spendtime': '0.01', 'times': '03:44', 'duration': '16 mins', 'remaining': '0.22'}
11-30 12:42 logger       INFO     {'id': 'ed2cwv3o0', 'email': 'darmonlyone@gmail.com', 'date': '2018-11-28', 'name': 'Darm tour', 'location': '', 'spendtime': '', 'times': '01:00', 'duration': '16 mins', 'remaining': '0.05'}
11-30 12:42 django.server INFO     "POST /api/plan_data/ HTTP/1.1" 200 846
11-30 12:43 django.server INFO     "POST /api/plan_data/ HTTP/1.1" 200 2
11-30 12:43 django.request ERROR    Internal Server Error: /api/search/
Traceback (most recent call last):
  File "/Users/narissingngam/Desktop/isp/TravelPlanner/map/views.py", line 114, in search_place
    response = urllib.request.urlopen(request, context=context).read()
  File "/anaconda3/lib/python3.6/urllib/request.py", line 223, in urlopen
    return opener.open(url, data, timeout)
  File "/anaconda3/lib/python3.6/urllib/request.py", line 526, in open
    response = self._open(req, data)
  File "/anaconda3/lib/python3.6/urllib/request.py", line 544, in _open
    '_open', req)
  File "/anaconda3/lib/python3.6/urllib/request.py", line 504, in _call_chain
    result = func(*args)
  File "/anaconda3/lib/python3.6/urllib/request.py", line 1361, in https_open
    context=self._context, check_hostname=self._check_hostname)
  File "/anaconda3/lib/python3.6/urllib/request.py", line 1318, in do_open
    encode_chunked=req.has_header('Transfer-encoding'))
  File "/anaconda3/lib/python3.6/http/client.py", line 1239, in request
    self._send_request(method, url, body, headers, encode_chunked)
  File "/anaconda3/lib/python3.6/http/client.py", line 1250, in _send_request
    self.putrequest(method, url, **skips)
  File "/anaconda3/lib/python3.6/http/client.py", line 1117, in putrequest
    self._output(request.encode('ascii'))
UnicodeEncodeError: 'ascii' codec can't encode characters in position 49-52: ordinal not in range(128)

During handling of the above exception, another exception occurred:

Traceback (most recent call last):
  File "/Users/narissingngam/Desktop/isp/TravelPlanner/env/lib/python3.6/site-packages/django/core/handlers/exception.py", line 34, in inner
    response = get_response(request)
  File "/Users/narissingngam/Desktop/isp/TravelPlanner/env/lib/python3.6/site-packages/django/core/handlers/base.py", line 126, in _get_response
    response = self.process_exception_by_middleware(e, request)
  File "/Users/narissingngam/Desktop/isp/TravelPlanner/env/lib/python3.6/site-packages/django/core/handlers/base.py", line 124, in _get_response
    response = wrapped_callback(request, *callback_args, **callback_kwargs)
  File "/Users/narissingngam/Desktop/isp/TravelPlanner/env/lib/python3.6/site-packages/django/views/decorators/csrf.py", line 54, in wrapped_view
    return view_func(*args, **kwargs)
  File "/Users/narissingngam/Desktop/isp/TravelPlanner/map/views.py", line 122, in search_place
    logger.error(sys.exc_info())
NameError: name 'sys' is not defined
11-30 12:43 django.server ERROR    "POST /api/search/ HTTP/1.1" 500 119496
11-30 12:44 django.server INFO     "GET / HTTP/1.1" 200 698
11-30 12:44 django.server INFO     "GET /static/js/manifest.2ae2e69a05c33dfc65f8.js HTTP/1.1" 200 857
11-30 12:44 django.server INFO     "GET /static/js/app.c75b68673e156a91cb8e.js HTTP/1.1" 200 33623
11-30 12:44 django.server INFO     "GET /static/css/app.8cf8345de2c358f5a3546a816b866972.css HTTP/1.1" 200 203547
11-30 12:44 django.server INFO     "GET /static/js/vendor.0d6b511f58a42807b804.js HTTP/1.1" 200 409871
11-30 12:44 django.server INFO     "GET /static/img/travel-planner.8e0238f.png HTTP/1.1" 200 868789
11-30 12:44 django.server INFO     "GET / HTTP/1.1" 200 698
11-30 12:44 django.server INFO     "GET /static/js/manifest.2ae2e69a05c33dfc65f8.js HTTP/1.1" 304 0
11-30 12:44 django.server INFO     "GET /static/css/app.8cf8345de2c358f5a3546a816b866972.css HTTP/1.1" 304 0
11-30 12:44 django.server INFO     "GET /static/js/vendor.0d6b511f58a42807b804.js HTTP/1.1" 304 0
11-30 12:44 django.server INFO     "GET /static/js/app.c75b68673e156a91cb8e.js HTTP/1.1" 304 0
11-30 12:44 django.server INFO     "GET /static/img/travel-planner.8e0238f.png HTTP/1.1" 304 0
11-30 12:45 logger       INFO     add {'date': '2018-11-28', 'name': 'Darm tour', 'id': 'ed2cwv3o0'}
11-30 12:45 logger       INFO     add {'date': '2018-11-27', 'name': 'dudu', 'id': 'apgy47g3s'}
11-30 12:45 django.server INFO     "POST /api/user_data/ HTTP/1.1" 200 123
11-30 12:46 django.server INFO     "POST /api/plan_data/ HTTP/1.1" 200 2
11-30 12:46 logger       INFO     search: [{'formatted_address': 'Ratchadaphisek Rd, Khwaeng Din Daeng, Khet Din Daeng, Krung Thep Maha Nakhon 10400, Thailand', 'name': 'Ratchada Rot Fai Night Market', 'opening_hours': {'open_now': True}}]
11-30 12:46 django.server INFO     "POST /api/search/ HTTP/1.1" 200 197
11-30 12:46 logger       INFO     remaining time : 21.0
11-30 12:46 django.server INFO     "POST /api/time-remain/ HTTP/1.1" 200 6
11-30 12:46 logger       INFO     duration between Wat Phra Chetuphon Vimolmangklararm Rajwaramahaviharn and Ratchada Rot Fai Night Market : 27 mins
11-30 12:46 django.server INFO     "POST /api/place/ HTTP/1.1" 200 9
11-30 12:46 logger       INFO     remaining time : 17.330000000000002
11-30 12:46 django.server INFO     "POST /api/time-remain/ HTTP/1.1" 200 7
11-30 12:46 logger       INFO     duration between Mahidol University Salaya and Wat Phra Chetuphon Vimolmangklararm Rajwaramahaviharn : 21 mins
11-30 12:46 django.server INFO     "POST /api/place/ HTTP/1.1" 200 9
11-30 12:46 logger       INFO     remaining time : 16.119999999999997
11-30 12:46 django.server INFO     "POST /api/time-remain/ HTTP/1.1" 200 7
11-30 12:47 logger       INFO     duration between Wat Phra Chetuphon Vimolmangklararm Rajwaramahaviharn and Wat Phra Chetuphon Vimolmangklararm Rajwaramahaviharn : 1 min
11-30 12:47 django.server INFO     "POST /api/place/ HTTP/1.1" 200 7
11-30 12:47 logger       INFO     remaining time : 16.32
11-30 12:47 django.server INFO     "POST /api/time-remain/ HTTP/1.1" 200 7
11-30 12:47 logger       INFO     duration between Wat Chedi Luang and Wat Phra Chetuphon Vimolmangklararm Rajwaramahaviharn : 9 hours 1 min
11-30 12:47 django.server INFO     "POST /api/place/ HTTP/1.1" 200 15
11-30 12:47 logger       INFO     remaining time : 7.3199999999999985
11-30 12:47 django.server INFO     "POST /api/time-remain/ HTTP/1.1" 200 6
11-30 12:47 logger       INFO     Ratchada Rot Fai Night Market, 3.00,0, 2018-11-30,00:00 saved!
11-30 12:47 django.server INFO     "POST /api/savedata/ HTTP/1.1" 200 23
11-30 12:47 logger       INFO     Wat Phra Chetuphon Vimolmangklararm Rajwaramahaviharn, 3.00,27 mins, 2018-11-30,03:27 saved!
11-30 12:47 django.server INFO     "POST /api/savedata/ HTTP/1.1" 200 23
11-30 12:47 logger       INFO     Wat Chedi Luang, 1.00,9 hours 1 min, 2018-11-30,17:50 saved!
11-30 12:47 django.server INFO     "POST /api/savedata/ HTTP/1.1" 200 23
11-30 12:47 django.server INFO     "GET /static/css/app.8cf8345de2c358f5a3546a816b866972.css HTTP/1.1" 304 0
11-30 12:47 django.server INFO     "GET /static/js/manifest.2ae2e69a05c33dfc65f8.js.map HTTP/1.1" 200 4972
11-30 12:47 django.server INFO     "GET /static/js/app.c75b68673e156a91cb8e.js.map HTTP/1.1" 200 115214
11-30 12:47 django.server INFO     "GET /static/js/vendor.0d6b511f58a42807b804.js.map HTTP/1.1" 200 1609796
11-30 12:47 django.server INFO     "GET /static/css/app.8cf8345de2c358f5a3546a816b866972.css.map HTTP/1.1" 200 545150
11-30 12:47 logger       INFO     , ,9 hours 1 min, 2018-11-30,00:00 saved!
11-30 12:47 django.server INFO     "POST /api/savedata/ HTTP/1.1" 200 23
11-30 12:47 logger       INFO     {'id': 'mghwhxxzv', 'email': 'darmonlyone@gmail.com', 'date': '2018-11-30', 'name': 'mint', 'location': 'Ratchada Rot Fai Night Market', 'spendtime': '3.00', 'times': '00:00', 'duration': '0', 'remaining': '0'}
11-30 12:47 logger       INFO     {'id': 'mghwhxxzv', 'email': 'darmonlyone@gmail.com', 'date': '2018-11-30', 'name': 'mint', 'location': 'Wat Phra Chetuphon Vimolmangklararm Rajwaramahaviharn', 'spendtime': '3.00', 'times': '03:27', 'duration': '27 mins', 'remaining': '0'}
11-30 12:47 logger       INFO     {'id': 'mghwhxxzv', 'email': 'darmonlyone@gmail.com', 'date': '2018-11-30', 'name': 'mint', 'location': 'Wat Chedi Luang', 'spendtime': '1.00', 'times': '17:50', 'duration': '9 hours 1 min', 'remaining': '0'}
11-30 12:47 logger       INFO     {'id': 'mghwhxxzv', 'email': 'darmonlyone@gmail.com', 'date': '2018-11-30', 'name': 'mint', 'location': '', 'spendtime': '', 'times': '00:00', 'duration': '9 hours 1 min', 'remaining': '0'}
11-30 12:47 django.server INFO     "POST /api/plan_data/ HTTP/1.1" 200 855
11-30 12:48 django.server INFO     "GET / HTTP/1.1" 200 698
11-30 12:48 django.server INFO     "GET /static/js/manifest.2ae2e69a05c33dfc65f8.js HTTP/1.1" 304 0
11-30 12:48 django.server INFO     "GET /static/js/vendor.0d6b511f58a42807b804.js HTTP/1.1" 304 0
11-30 12:48 django.server INFO     "GET /static/js/app.c75b68673e156a91cb8e.js HTTP/1.1" 304 0
11-30 12:48 logger       INFO     {'id': 'mghwhxxzv', 'email': 'darmonlyone@gmail.com', 'date': '2018-11-30', 'name': 'mint', 'location': 'Ratchada Rot Fai Night Market', 'spendtime': '3.00', 'times': '00:00', 'duration': '0', 'remaining': '0'}
11-30 12:48 logger       INFO     {'id': 'mghwhxxzv', 'email': 'darmonlyone@gmail.com', 'date': '2018-11-30', 'name': 'mint', 'location': 'Wat Phra Chetuphon Vimolmangklararm Rajwaramahaviharn', 'spendtime': '3.00', 'times': '03:27', 'duration': '27 mins', 'remaining': '0'}
11-30 12:48 logger       INFO     {'id': 'mghwhxxzv', 'email': 'darmonlyone@gmail.com', 'date': '2018-11-30', 'name': 'mint', 'location': 'Wat Chedi Luang', 'spendtime': '1.00', 'times': '17:50', 'duration': '9 hours 1 min', 'remaining': '0'}
11-30 12:48 logger       INFO     {'id': 'mghwhxxzv', 'email': 'darmonlyone@gmail.com', 'date': '2018-11-30', 'name': 'mint', 'location': '', 'spendtime': '', 'times': '00:00', 'duration': '9 hours 1 min', 'remaining': '0'}
11-30 12:48 django.server INFO     "POST /api/plan_data/ HTTP/1.1" 200 855
11-30 12:48 logger       INFO     add {'date': '2018-11-28', 'name': 'Darm tour', 'id': 'ed2cwv3o0'}
11-30 12:48 logger       INFO     add {'date': '2018-11-27', 'name': 'dudu', 'id': 'apgy47g3s'}
11-30 12:48 logger       INFO     add {'date': '2018-11-30', 'name': 'mint', 'id': 'mghwhxxzv'}
11-30 12:48 django.server INFO     "POST /api/user_data/ HTTP/1.1" 200 182
11-30 12:48 logger       INFO     {'id': 'mghwhxxzv', 'email': 'darmonlyone@gmail.com', 'date': '2018-11-30', 'name': 'mint', 'location': 'Ratchada Rot Fai Night Market', 'spendtime': '3.00', 'times': '00:00', 'duration': '0', 'remaining': '0'}
11-30 12:48 logger       INFO     {'id': 'mghwhxxzv', 'email': 'darmonlyone@gmail.com', 'date': '2018-11-30', 'name': 'mint', 'location': 'Wat Phra Chetuphon Vimolmangklararm Rajwaramahaviharn', 'spendtime': '3.00', 'times': '03:27', 'duration': '27 mins', 'remaining': '0'}
11-30 12:48 logger       INFO     {'id': 'mghwhxxzv', 'email': 'darmonlyone@gmail.com', 'date': '2018-11-30', 'name': 'mint', 'location': 'Wat Chedi Luang', 'spendtime': '1.00', 'times': '17:50', 'duration': '9 hours 1 min', 'remaining': '0'}
11-30 12:48 logger       INFO     {'id': 'mghwhxxzv', 'email': 'darmonlyone@gmail.com', 'date': '2018-11-30', 'name': 'mint', 'location': '', 'spendtime': '', 'times': '00:00', 'duration': '9 hours 1 min', 'remaining': '0'}
11-30 12:48 django.server INFO     "POST /api/plan_data/ HTTP/1.1" 200 855
11-30 12:48 django.server INFO     "GET / HTTP/1.1" 200 698
11-30 12:48 django.server INFO     "GET /static/css/app.8cf8345de2c358f5a3546a816b866972.css HTTP/1.1" 304 0
11-30 12:48 django.server INFO     "GET /static/img/travel-planner.8e0238f.png HTTP/1.1" 304 0
11-30 12:48 django.server INFO     "GET /admin/ HTTP/1.1" 200 6813
11-30 12:48 django.server INFO     "GET /static/admin/css/dashboard.css HTTP/1.1" 304 0
11-30 12:48 django.server INFO     "GET /static/admin/css/base.css HTTP/1.1" 304 0
11-30 12:48 django.server INFO     "GET /static/admin/css/responsive.css HTTP/1.1" 304 0
11-30 12:48 django.server INFO     "GET /static/admin/css/fonts.css HTTP/1.1" 304 0
11-30 12:48 django.server INFO     "GET /static/admin/img/icon-deletelink.svg HTTP/1.1" 304 0
11-30 12:48 django.server INFO     "GET /static/admin/img/icon-changelink.svg HTTP/1.1" 304 0
11-30 12:48 django.server INFO     "GET /static/admin/img/icon-addlink.svg HTTP/1.1" 304 0
11-30 12:48 django.server INFO     "GET /static/admin/fonts/Roboto-Light-webfont.woff HTTP/1.1" 304 0
11-30 12:48 django.server INFO     "GET /static/admin/fonts/Roboto-Regular-webfont.woff HTTP/1.1" 304 0
11-30 12:48 django.server INFO     "GET /static/admin/fonts/Roboto-Bold-webfont.woff HTTP/1.1" 304 0
11-30 12:49 django.server INFO     "GET /admin/map/users/ HTTP/1.1" 200 14127
11-30 12:49 django.server INFO     "GET /static/admin/css/changelists.css HTTP/1.1" 304 0
11-30 12:49 django.server INFO     "GET /static/admin/js/vendor/jquery/jquery.js HTTP/1.1" 304 0
11-30 12:49 django.server INFO     "GET /static/admin/js/jquery.init.js HTTP/1.1" 304 0
11-30 12:49 django.server INFO     "GET /static/admin/js/core.js HTTP/1.1" 304 0
11-30 12:49 django.server INFO     "GET /static/admin/js/admin/RelatedObjectLookups.js HTTP/1.1" 304 0
11-30 12:49 django.server INFO     "GET /static/admin/js/actions.js HTTP/1.1" 304 0
11-30 12:49 django.server INFO     "GET /static/admin/js/urlify.js HTTP/1.1" 304 0
11-30 12:49 django.server INFO     "GET /static/admin/js/prepopulate.js HTTP/1.1" 304 0
11-30 12:49 django.server INFO     "GET /static/admin/js/vendor/xregexp/xregexp.js HTTP/1.1" 304 0
11-30 12:49 django.server INFO     "GET /admin/jsi18n/ HTTP/1.1" 200 3185
11-30 12:49 django.server INFO     "GET /static/admin/img/tooltag-add.svg HTTP/1.1" 304 0
11-30 12:50 django.server INFO     "GET /admin/ HTTP/1.1" 200 6813
11-30 12:50 django.server INFO     "GET /admin/map/planner/ HTTP/1.1" 200 13530
11-30 12:50 django.server INFO     "GET /admin/jsi18n/ HTTP/1.1" 200 3185
11-30 12:50 django.server INFO     "GET /admin/map/planner/53/change/ HTTP/1.1" 200 7833
11-30 12:50 django.server INFO     "GET /static/admin/css/forms.css HTTP/1.1" 304 0
11-30 12:50 django.server INFO     "GET /static/admin/js/change_form.js HTTP/1.1" 304 0
11-30 12:50 django.server INFO     "GET /static/admin/js/prepopulate_init.js HTTP/1.1" 304 0
11-30 12:50 django.server INFO     "GET /static/admin/css/widgets.css HTTP/1.1" 304 0
11-30 12:50 django.server INFO     "GET /admin/jsi18n/ HTTP/1.1" 200 3185
11-30 12:50 django.server INFO     "GET /static/admin/img/tooltag-arrowright.svg HTTP/1.1" 304 0
11-30 12:50 django.server INFO     "GET /admin/map/planner/ HTTP/1.1" 200 13530
11-30 12:51 django.server INFO     "GET /admin/map/planner/52/change/ HTTP/1.1" 200 7889
11-30 12:51 django.server INFO     "GET /admin/jsi18n/ HTTP/1.1" 200 3185
11-30 12:51 django.server INFO     "GET /admin/map/planner/ HTTP/1.1" 200 13530
11-30 12:51 django.server INFO     "POST /api/plan_data/ HTTP/1.1" 200 2
11-30 12:51 logger       INFO     search: [{'formatted_address': 'Arizona, USA', 'name': 'Grand Canyon National Park'}]
11-30 12:51 django.server INFO     "POST /api/search/ HTTP/1.1" 200 77
11-30 12:51 logger       INFO     remaining time : 22.0
11-30 12:51 django.server INFO     "POST /api/time-remain/ HTTP/1.1" 200 6
11-30 12:51 logger       INFO     duration between George Bush Intercontinental Airport and Grand Canyon National Park : 18 hours 25 mins
11-30 12:51 django.server INFO     "POST /api/place/ HTTP/1.1" 200 18
11-30 12:51 logger       INFO     remaining time : 1.3499999999999999
11-30 12:51 django.server INFO     "POST /api/time-remain/ HTTP/1.1" 200 6
11-30 12:51 django.server INFO     "GET /static/css/app.8cf8345de2c358f5a3546a816b866972.css HTTP/1.1" 304 0
11-30 12:51 django.server INFO     "GET /static/js/manifest.2ae2e69a05c33dfc65f8.js.map HTTP/1.1" 304 0
11-30 12:51 django.server INFO     "GET /static/js/vendor.0d6b511f58a42807b804.js.map HTTP/1.1" 304 0
11-30 12:51 django.server INFO     "GET /static/js/app.c75b68673e156a91cb8e.js.map HTTP/1.1" 304 0
11-30 12:51 django.server INFO     "GET /static/css/app.8cf8345de2c358f5a3546a816b866972.css.map HTTP/1.1" 304 0
11-30 12:52 logger       INFO     Grand Canyon National Park, 2.00,0, 2018-11-30,00:00 saved!
11-30 12:52 django.server INFO     "POST /api/savedata/ HTTP/1.1" 200 23
11-30 12:52 logger       INFO     George Bush Intercontinental Airport, 2.00,18 hours 25 mins, 2018-11-30,20:25 saved!
11-30 12:52 django.server INFO     "POST /api/savedata/ HTTP/1.1" 200 23
11-30 12:52 logger       INFO     , ,18 hours 25 mins, 2018-11-30,00:00 saved!
11-30 12:52 django.server INFO     "POST /api/savedata/ HTTP/1.1" 200 23
11-30 12:52 django.server INFO     "GET / HTTP/1.1" 200 698
11-30 12:52 django.server INFO     "GET /static/js/app.c75b68673e156a91cb8e.js HTTP/1.1" 304 0
11-30 12:52 django.server INFO     "GET /static/js/vendor.0d6b511f58a42807b804.js HTTP/1.1" 304 0
11-30 12:52 django.server INFO     "GET /static/js/manifest.2ae2e69a05c33dfc65f8.js HTTP/1.1" 304 0
11-30 12:52 logger       INFO     add {'date': '2018-11-28', 'name': 'Darm tour', 'id': 'ed2cwv3o0'}
11-30 12:52 logger       INFO     add {'date': '2018-11-27', 'name': 'dudu', 'id': 'apgy47g3s'}
11-30 12:52 logger       INFO     add {'date': '2018-11-30', 'name': 'mint', 'id': 'mghwhxxzv'}
11-30 12:52 logger       INFO     add {'date': '2018-11-30', 'name': 'm', 'id': '0qe2zkrc4'}
11-30 12:52 django.server INFO     "POST /api/user_data/ HTTP/1.1" 200 238
11-30 12:52 logger       INFO     {'id': '0qe2zkrc4', 'email': 'darmonlyone@gmail.com', 'date': '2018-11-30', 'name': 'm', 'location': 'Grand Canyon National Park', 'spendtime': '2.00', 'times': '00:00', 'duration': '0', 'remaining': '0'}
11-30 12:52 logger       INFO     {'id': '0qe2zkrc4', 'email': 'darmonlyone@gmail.com', 'date': '2018-11-30', 'name': 'm', 'location': 'George Bush Intercontinental Airport', 'spendtime': '2.00', 'times': '20:25', 'duration': '18 hours 25 mins', 'remaining': '0'}
11-30 12:52 logger       INFO     {'id': '0qe2zkrc4', 'email': 'darmonlyone@gmail.com', 'date': '2018-11-30', 'name': 'm', 'location': '', 'spendtime': '', 'times': '00:00', 'duration': '18 hours 25 mins', 'remaining': '0'}
11-30 12:52 django.server INFO     "POST /api/plan_data/ HTTP/1.1" 200 628
11-30 12:58 django.server INFO     "GET / HTTP/1.1" 200 698
11-30 12:58 django.server INFO     "GET /static/css/app.8cf8345de2c358f5a3546a816b866972.css HTTP/1.1" 304 0
11-30 12:58 django.server INFO     "GET /static/js/manifest.2ae2e69a05c33dfc65f8.js HTTP/1.1" 304 0
11-30 12:58 django.server INFO     "GET /static/js/vendor.0d6b511f58a42807b804.js HTTP/1.1" 304 0
11-30 12:58 django.server INFO     "GET /static/js/app.c75b68673e156a91cb8e.js HTTP/1.1" 304 0
11-30 12:58 django.server INFO     "GET /static/js/manifest.2ae2e69a05c33dfc65f8.js.map HTTP/1.1" 304 0
11-30 12:58 django.server INFO     "GET /static/js/vendor.0d6b511f58a42807b804.js.map HTTP/1.1" 304 0
11-30 12:58 django.server INFO     "GET /static/js/app.c75b68673e156a91cb8e.js.map HTTP/1.1" 304 0
11-30 12:58 django.server INFO     "GET /static/css/app.8cf8345de2c358f5a3546a816b866972.css.map HTTP/1.1" 304 0
11-30 12:58 logger       INFO     add {'date': '2018-11-28', 'name': 'Darm tour', 'id': 'ed2cwv3o0'}
11-30 12:58 logger       INFO     add {'date': '2018-11-27', 'name': 'dudu', 'id': 'apgy47g3s'}
11-30 12:58 logger       INFO     add {'date': '2018-11-30', 'name': 'mint', 'id': 'mghwhxxzv'}
11-30 12:58 logger       INFO     add {'date': '2018-11-30', 'name': 'm', 'id': '0qe2zkrc4'}
11-30 12:58 django.server INFO     "POST /api/user_data/ HTTP/1.1" 200 238
11-30 12:58 django.server INFO     "POST /api/plan_data/ HTTP/1.1" 200 2
11-30 12:58 logger       INFO     search: [{'formatted_address': 'Hin Tung, Mueang Nakhon Nayok District, Nakhon Nayok 26000, Thailand', 'name': 'Khao Yai National Park'}]
11-30 12:58 django.server INFO     "POST /api/search/ HTTP/1.1" 200 129
11-30 12:58 logger       INFO     remaining time : 21.0
11-30 12:58 django.server INFO     "POST /api/time-remain/ HTTP/1.1" 200 6
11-30 12:58 logger       INFO     duration between Sathon District Office and Khao Yai National Park : 2 hours 0 mins
11-30 12:58 django.server INFO     "POST /api/place/ HTTP/1.1" 200 16
11-30 12:58 logger       INFO     remaining time : 16.0
11-30 12:58 django.server INFO     "POST /api/time-remain/ HTTP/1.1" 200 6
11-30 12:59 logger       INFO     duration between Kasetsart University and Sathon District Office : 27 mins
11-30 12:59 django.server INFO     "POST /api/place/ HTTP/1.1" 200 9
11-30 12:59 logger       INFO     remaining time : 12.33
11-30 12:59 django.server INFO     "POST /api/time-remain/ HTTP/1.1" 200 7
11-30 12:59 django.request ERROR    Internal Server Error: /api/place/
Traceback (most recent call last):
  File "/Users/narissingngam/Desktop/isp/TravelPlanner/map/views.py", line 90, in time_place
    response = urllib.request.urlopen(request, context=context).read()
  File "/anaconda3/lib/python3.6/urllib/request.py", line 223, in urlopen
    return opener.open(url, data, timeout)
  File "/anaconda3/lib/python3.6/urllib/request.py", line 526, in open
    response = self._open(req, data)
  File "/anaconda3/lib/python3.6/urllib/request.py", line 544, in _open
    '_open', req)
  File "/anaconda3/lib/python3.6/urllib/request.py", line 504, in _call_chain
    result = func(*args)
  File "/anaconda3/lib/python3.6/urllib/request.py", line 1361, in https_open
    context=self._context, check_hostname=self._check_hostname)
  File "/anaconda3/lib/python3.6/urllib/request.py", line 1318, in do_open
    encode_chunked=req.has_header('Transfer-encoding'))
  File "/anaconda3/lib/python3.6/http/client.py", line 1239, in request
    self._send_request(method, url, body, headers, encode_chunked)
  File "/anaconda3/lib/python3.6/http/client.py", line 1250, in _send_request
    self.putrequest(method, url, **skips)
  File "/anaconda3/lib/python3.6/http/client.py", line 1117, in putrequest
    self._output(request.encode('ascii'))
UnicodeEncodeError: 'ascii' codec can't encode characters in position 78-89: ordinal not in range(128)

During handling of the above exception, another exception occurred:

Traceback (most recent call last):
  File "/Users/narissingngam/Desktop/isp/TravelPlanner/env/lib/python3.6/site-packages/django/core/handlers/exception.py", line 34, in inner
    response = get_response(request)
  File "/Users/narissingngam/Desktop/isp/TravelPlanner/env/lib/python3.6/site-packages/django/core/handlers/base.py", line 126, in _get_response
    response = self.process_exception_by_middleware(e, request)
  File "/Users/narissingngam/Desktop/isp/TravelPlanner/env/lib/python3.6/site-packages/django/core/handlers/base.py", line 124, in _get_response
    response = wrapped_callback(request, *callback_args, **callback_kwargs)
  File "/Users/narissingngam/Desktop/isp/TravelPlanner/env/lib/python3.6/site-packages/django/views/decorators/csrf.py", line 54, in wrapped_view
    return view_func(*args, **kwargs)
  File "/Users/narissingngam/Desktop/isp/TravelPlanner/map/views.py", line 97, in time_place
    logger.error(sys.exc_info())
NameError: name 'sys' is not defined
11-30 12:59 django.server ERROR    "POST /api/place/ HTTP/1.1" 500 118821
11-30 12:59 django.request ERROR    Internal Server Error: /api/place/
Traceback (most recent call last):
  File "/Users/narissingngam/Desktop/isp/TravelPlanner/map/views.py", line 90, in time_place
    response = urllib.request.urlopen(request, context=context).read()
  File "/anaconda3/lib/python3.6/urllib/request.py", line 223, in urlopen
    return opener.open(url, data, timeout)
  File "/anaconda3/lib/python3.6/urllib/request.py", line 526, in open
    response = self._open(req, data)
  File "/anaconda3/lib/python3.6/urllib/request.py", line 544, in _open
    '_open', req)
  File "/anaconda3/lib/python3.6/urllib/request.py", line 504, in _call_chain
    result = func(*args)
  File "/anaconda3/lib/python3.6/urllib/request.py", line 1361, in https_open
    context=self._context, check_hostname=self._check_hostname)
  File "/anaconda3/lib/python3.6/urllib/request.py", line 1318, in do_open
    encode_chunked=req.has_header('Transfer-encoding'))
  File "/anaconda3/lib/python3.6/http/client.py", line 1239, in request
    self._send_request(method, url, body, headers, encode_chunked)
  File "/anaconda3/lib/python3.6/http/client.py", line 1250, in _send_request
    self.putrequest(method, url, **skips)
  File "/anaconda3/lib/python3.6/http/client.py", line 1117, in putrequest
    self._output(request.encode('ascii'))
UnicodeEncodeError: 'ascii' codec can't encode characters in position 42-53: ordinal not in range(128)

During handling of the above exception, another exception occurred:

Traceback (most recent call last):
  File "/Users/narissingngam/Desktop/isp/TravelPlanner/env/lib/python3.6/site-packages/django/core/handlers/exception.py", line 34, in inner
    response = get_response(request)
  File "/Users/narissingngam/Desktop/isp/TravelPlanner/env/lib/python3.6/site-packages/django/core/handlers/base.py", line 126, in _get_response
    response = self.process_exception_by_middleware(e, request)
  File "/Users/narissingngam/Desktop/isp/TravelPlanner/env/lib/python3.6/site-packages/django/core/handlers/base.py", line 124, in _get_response
    response = wrapped_callback(request, *callback_args, **callback_kwargs)
  File "/Users/narissingngam/Desktop/isp/TravelPlanner/env/lib/python3.6/site-packages/django/views/decorators/csrf.py", line 54, in wrapped_view
    return view_func(*args, **kwargs)
  File "/Users/narissingngam/Desktop/isp/TravelPlanner/map/views.py", line 97, in time_place
    logger.error(sys.exc_info())
NameError: name 'sys' is not defined
11-30 12:59 django.server ERROR    "POST /api/place/ HTTP/1.1" 500 119026
11-30 12:59 django.request ERROR    Internal Server Error: /api/place/
Traceback (most recent call last):
  File "/Users/narissingngam/Desktop/isp/TravelPlanner/map/views.py", line 90, in time_place
    response = urllib.request.urlopen(request, context=context).read()
  File "/anaconda3/lib/python3.6/urllib/request.py", line 223, in urlopen
    return opener.open(url, data, timeout)
  File "/anaconda3/lib/python3.6/urllib/request.py", line 526, in open
    response = self._open(req, data)
  File "/anaconda3/lib/python3.6/urllib/request.py", line 544, in _open
    '_open', req)
  File "/anaconda3/lib/python3.6/urllib/request.py", line 504, in _call_chain
    result = func(*args)
  File "/anaconda3/lib/python3.6/urllib/request.py", line 1361, in https_open
    context=self._context, check_hostname=self._check_hostname)
  File "/anaconda3/lib/python3.6/urllib/request.py", line 1318, in do_open
    encode_chunked=req.has_header('Transfer-encoding'))
  File "/anaconda3/lib/python3.6/http/client.py", line 1239, in request
    self._send_request(method, url, body, headers, encode_chunked)
  File "/anaconda3/lib/python3.6/http/client.py", line 1250, in _send_request
    self.putrequest(method, url, **skips)
  File "/anaconda3/lib/python3.6/http/client.py", line 1117, in putrequest
    self._output(request.encode('ascii'))
UnicodeEncodeError: 'ascii' codec can't encode characters in position 42-53: ordinal not in range(128)

During handling of the above exception, another exception occurred:

Traceback (most recent call last):
  File "/Users/narissingngam/Desktop/isp/TravelPlanner/env/lib/python3.6/site-packages/django/core/handlers/exception.py", line 34, in inner
    response = get_response(request)
  File "/Users/narissingngam/Desktop/isp/TravelPlanner/env/lib/python3.6/site-packages/django/core/handlers/base.py", line 126, in _get_response
    response = self.process_exception_by_middleware(e, request)
  File "/Users/narissingngam/Desktop/isp/TravelPlanner/env/lib/python3.6/site-packages/django/core/handlers/base.py", line 124, in _get_response
    response = wrapped_callback(request, *callback_args, **callback_kwargs)
  File "/Users/narissingngam/Desktop/isp/TravelPlanner/env/lib/python3.6/site-packages/django/views/decorators/csrf.py", line 54, in wrapped_view
    return view_func(*args, **kwargs)
  File "/Users/narissingngam/Desktop/isp/TravelPlanner/map/views.py", line 97, in time_place
    logger.error(sys.exc_info())
NameError: name 'sys' is not defined
11-30 12:59 django.server ERROR    "POST /api/place/ HTTP/1.1" 500 119026
11-30 12:59 django.request ERROR    Internal Server Error: /api/place/
Traceback (most recent call last):
  File "/Users/narissingngam/Desktop/isp/TravelPlanner/map/views.py", line 90, in time_place
    response = urllib.request.urlopen(request, context=context).read()
  File "/anaconda3/lib/python3.6/urllib/request.py", line 223, in urlopen
    return opener.open(url, data, timeout)
  File "/anaconda3/lib/python3.6/urllib/request.py", line 526, in open
    response = self._open(req, data)
  File "/anaconda3/lib/python3.6/urllib/request.py", line 544, in _open
    '_open', req)
  File "/anaconda3/lib/python3.6/urllib/request.py", line 504, in _call_chain
    result = func(*args)
  File "/anaconda3/lib/python3.6/urllib/request.py", line 1361, in https_open
    context=self._context, check_hostname=self._check_hostname)
  File "/anaconda3/lib/python3.6/urllib/request.py", line 1318, in do_open
    encode_chunked=req.has_header('Transfer-encoding'))
  File "/anaconda3/lib/python3.6/http/client.py", line 1239, in request
    self._send_request(method, url, body, headers, encode_chunked)
  File "/anaconda3/lib/python3.6/http/client.py", line 1250, in _send_request
    self.putrequest(method, url, **skips)
  File "/anaconda3/lib/python3.6/http/client.py", line 1117, in putrequest
    self._output(request.encode('ascii'))
UnicodeEncodeError: 'ascii' codec can't encode characters in position 42-53: ordinal not in range(128)

During handling of the above exception, another exception occurred:

Traceback (most recent call last):
  File "/Users/narissingngam/Desktop/isp/TravelPlanner/env/lib/python3.6/site-packages/django/core/handlers/exception.py", line 34, in inner
    response = get_response(request)
  File "/Users/narissingngam/Desktop/isp/TravelPlanner/env/lib/python3.6/site-packages/django/core/handlers/base.py", line 126, in _get_response
    response = self.process_exception_by_middleware(e, request)
  File "/Users/narissingngam/Desktop/isp/TravelPlanner/env/lib/python3.6/site-packages/django/core/handlers/base.py", line 124, in _get_response
    response = wrapped_callback(request, *callback_args, **callback_kwargs)
  File "/Users/narissingngam/Desktop/isp/TravelPlanner/env/lib/python3.6/site-packages/django/views/decorators/csrf.py", line 54, in wrapped_view
    return view_func(*args, **kwargs)
  File "/Users/narissingngam/Desktop/isp/TravelPlanner/map/views.py", line 97, in time_place
    logger.error(sys.exc_info())
NameError: name 'sys' is not defined
11-30 12:59 django.server ERROR    "POST /api/place/ HTTP/1.1" 500 119026
11-30 12:59 django.request ERROR    Internal Server Error: /api/place/
Traceback (most recent call last):
  File "/Users/narissingngam/Desktop/isp/TravelPlanner/map/views.py", line 90, in time_place
    response = urllib.request.urlopen(request, context=context).read()
  File "/anaconda3/lib/python3.6/urllib/request.py", line 223, in urlopen
    return opener.open(url, data, timeout)
  File "/anaconda3/lib/python3.6/urllib/request.py", line 526, in open
    response = self._open(req, data)
  File "/anaconda3/lib/python3.6/urllib/request.py", line 544, in _open
    '_open', req)
  File "/anaconda3/lib/python3.6/urllib/request.py", line 504, in _call_chain
    result = func(*args)
  File "/anaconda3/lib/python3.6/urllib/request.py", line 1361, in https_open
    context=self._context, check_hostname=self._check_hostname)
  File "/anaconda3/lib/python3.6/urllib/request.py", line 1318, in do_open
    encode_chunked=req.has_header('Transfer-encoding'))
  File "/anaconda3/lib/python3.6/http/client.py", line 1239, in request
    self._send_request(method, url, body, headers, encode_chunked)
  File "/anaconda3/lib/python3.6/http/client.py", line 1250, in _send_request
    self.putrequest(method, url, **skips)
  File "/anaconda3/lib/python3.6/http/client.py", line 1117, in putrequest
    self._output(request.encode('ascii'))
UnicodeEncodeError: 'ascii' codec can't encode characters in position 42-53: ordinal not in range(128)

During handling of the above exception, another exception occurred:

Traceback (most recent call last):
  File "/Users/narissingngam/Desktop/isp/TravelPlanner/env/lib/python3.6/site-packages/django/core/handlers/exception.py", line 34, in inner
    response = get_response(request)
  File "/Users/narissingngam/Desktop/isp/TravelPlanner/env/lib/python3.6/site-packages/django/core/handlers/base.py", line 126, in _get_response
    response = self.process_exception_by_middleware(e, request)
  File "/Users/narissingngam/Desktop/isp/TravelPlanner/env/lib/python3.6/site-packages/django/core/handlers/base.py", line 124, in _get_response
    response = wrapped_callback(request, *callback_args, **callback_kwargs)
  File "/Users/narissingngam/Desktop/isp/TravelPlanner/env/lib/python3.6/site-packages/django/views/decorators/csrf.py", line 54, in wrapped_view
    return view_func(*args, **kwargs)
  File "/Users/narissingngam/Desktop/isp/TravelPlanner/map/views.py", line 97, in time_place
    logger.error(sys.exc_info())
NameError: name 'sys' is not defined
11-30 12:59 django.request ERROR    Internal Server Error: /api/place/
Traceback (most recent call last):
  File "/Users/narissingngam/Desktop/isp/TravelPlanner/map/views.py", line 90, in time_place
    response = urllib.request.urlopen(request, context=context).read()
  File "/anaconda3/lib/python3.6/urllib/request.py", line 223, in urlopen
    return opener.open(url, data, timeout)
  File "/anaconda3/lib/python3.6/urllib/request.py", line 526, in open
    response = self._open(req, data)
  File "/anaconda3/lib/python3.6/urllib/request.py", line 544, in _open
    '_open', req)
  File "/anaconda3/lib/python3.6/urllib/request.py", line 504, in _call_chain
    result = func(*args)
  File "/anaconda3/lib/python3.6/urllib/request.py", line 1361, in https_open
    context=self._context, check_hostname=self._check_hostname)
  File "/anaconda3/lib/python3.6/urllib/request.py", line 1318, in do_open
    encode_chunked=req.has_header('Transfer-encoding'))
  File "/anaconda3/lib/python3.6/http/client.py", line 1239, in request
    self._send_request(method, url, body, headers, encode_chunked)
  File "/anaconda3/lib/python3.6/http/client.py", line 1250, in _send_request
    self.putrequest(method, url, **skips)
  File "/anaconda3/lib/python3.6/http/client.py", line 1117, in putrequest
    self._output(request.encode('ascii'))
UnicodeEncodeError: 'ascii' codec can't encode characters in position 42-53: ordinal not in range(128)

During handling of the above exception, another exception occurred:

Traceback (most recent call last):
  File "/Users/narissingngam/Desktop/isp/TravelPlanner/env/lib/python3.6/site-packages/django/core/handlers/exception.py", line 34, in inner
    response = get_response(request)
  File "/Users/narissingngam/Desktop/isp/TravelPlanner/env/lib/python3.6/site-packages/django/core/handlers/base.py", line 126, in _get_response
    response = self.process_exception_by_middleware(e, request)
  File "/Users/narissingngam/Desktop/isp/TravelPlanner/env/lib/python3.6/site-packages/django/core/handlers/base.py", line 124, in _get_response
    response = wrapped_callback(request, *callback_args, **callback_kwargs)
  File "/Users/narissingngam/Desktop/isp/TravelPlanner/env/lib/python3.6/site-packages/django/views/decorators/csrf.py", line 54, in wrapped_view
    return view_func(*args, **kwargs)
  File "/Users/narissingngam/Desktop/isp/TravelPlanner/map/views.py", line 97, in time_place
    logger.error(sys.exc_info())
NameError: name 'sys' is not defined
11-30 12:59 django.server ERROR    "POST /api/place/ HTTP/1.1" 500 119026
11-30 12:59 django.server ERROR    "POST /api/place/ HTTP/1.1" 500 119026
11-30 12:59 django.request ERROR    Internal Server Error: /api/place/
Traceback (most recent call last):
  File "/Users/narissingngam/Desktop/isp/TravelPlanner/map/views.py", line 90, in time_place
    response = urllib.request.urlopen(request, context=context).read()
  File "/anaconda3/lib/python3.6/urllib/request.py", line 223, in urlopen
    return opener.open(url, data, timeout)
  File "/anaconda3/lib/python3.6/urllib/request.py", line 526, in open
    response = self._open(req, data)
  File "/anaconda3/lib/python3.6/urllib/request.py", line 544, in _open
    '_open', req)
  File "/anaconda3/lib/python3.6/urllib/request.py", line 504, in _call_chain
    result = func(*args)
  File "/anaconda3/lib/python3.6/urllib/request.py", line 1361, in https_open
    context=self._context, check_hostname=self._check_hostname)
  File "/anaconda3/lib/python3.6/urllib/request.py", line 1318, in do_open
    encode_chunked=req.has_header('Transfer-encoding'))
  File "/anaconda3/lib/python3.6/http/client.py", line 1239, in request
    self._send_request(method, url, body, headers, encode_chunked)
  File "/anaconda3/lib/python3.6/http/client.py", line 1250, in _send_request
    self.putrequest(method, url, **skips)
  File "/anaconda3/lib/python3.6/http/client.py", line 1117, in putrequest
    self._output(request.encode('ascii'))
UnicodeEncodeError: 'ascii' codec can't encode characters in position 42-53: ordinal not in range(128)

During handling of the above exception, another exception occurred:

Traceback (most recent call last):
  File "/Users/narissingngam/Desktop/isp/TravelPlanner/env/lib/python3.6/site-packages/django/core/handlers/exception.py", line 34, in inner
    response = get_response(request)
  File "/Users/narissingngam/Desktop/isp/TravelPlanner/env/lib/python3.6/site-packages/django/core/handlers/base.py", line 126, in _get_response
    response = self.process_exception_by_middleware(e, request)
  File "/Users/narissingngam/Desktop/isp/TravelPlanner/env/lib/python3.6/site-packages/django/core/handlers/base.py", line 124, in _get_response
    response = wrapped_callback(request, *callback_args, **callback_kwargs)
  File "/Users/narissingngam/Desktop/isp/TravelPlanner/env/lib/python3.6/site-packages/django/views/decorators/csrf.py", line 54, in wrapped_view
    return view_func(*args, **kwargs)
  File "/Users/narissingngam/Desktop/isp/TravelPlanner/map/views.py", line 97, in time_place
    logger.error(sys.exc_info())
NameError: name 'sys' is not defined
11-30 12:59 django.server ERROR    "POST /api/place/ HTTP/1.1" 500 119025
11-30 12:59 django.request ERROR    Internal Server Error: /api/place/
Traceback (most recent call last):
  File "/Users/narissingngam/Desktop/isp/TravelPlanner/map/views.py", line 90, in time_place
    response = urllib.request.urlopen(request, context=context).read()
  File "/anaconda3/lib/python3.6/urllib/request.py", line 223, in urlopen
    return opener.open(url, data, timeout)
  File "/anaconda3/lib/python3.6/urllib/request.py", line 526, in open
    response = self._open(req, data)
  File "/anaconda3/lib/python3.6/urllib/request.py", line 544, in _open
    '_open', req)
  File "/anaconda3/lib/python3.6/urllib/request.py", line 504, in _call_chain
    result = func(*args)
  File "/anaconda3/lib/python3.6/urllib/request.py", line 1361, in https_open
    context=self._context, check_hostname=self._check_hostname)
  File "/anaconda3/lib/python3.6/urllib/request.py", line 1318, in do_open
    encode_chunked=req.has_header('Transfer-encoding'))
  File "/anaconda3/lib/python3.6/http/client.py", line 1239, in request
    self._send_request(method, url, body, headers, encode_chunked)
  File "/anaconda3/lib/python3.6/http/client.py", line 1250, in _send_request
    self.putrequest(method, url, **skips)
  File "/anaconda3/lib/python3.6/http/client.py", line 1117, in putrequest
    self._output(request.encode('ascii'))
UnicodeEncodeError: 'ascii' codec can't encode characters in position 42-53: ordinal not in range(128)

During handling of the above exception, another exception occurred:

Traceback (most recent call last):
  File "/Users/narissingngam/Desktop/isp/TravelPlanner/env/lib/python3.6/site-packages/django/core/handlers/exception.py", line 34, in inner
    response = get_response(request)
  File "/Users/narissingngam/Desktop/isp/TravelPlanner/env/lib/python3.6/site-packages/django/core/handlers/base.py", line 126, in _get_response
    response = self.process_exception_by_middleware(e, request)
  File "/Users/narissingngam/Desktop/isp/TravelPlanner/env/lib/python3.6/site-packages/django/core/handlers/base.py", line 124, in _get_response
    response = wrapped_callback(request, *callback_args, **callback_kwargs)
  File "/Users/narissingngam/Desktop/isp/TravelPlanner/env/lib/python3.6/site-packages/django/views/decorators/csrf.py", line 54, in wrapped_view
    return view_func(*args, **kwargs)
  File "/Users/narissingngam/Desktop/isp/TravelPlanner/map/views.py", line 97, in time_place
    logger.error(sys.exc_info())
NameError: name 'sys' is not defined
11-30 12:59 django.request ERROR    Internal Server Error: /api/place/
Traceback (most recent call last):
  File "/Users/narissingngam/Desktop/isp/TravelPlanner/map/views.py", line 90, in time_place
    response = urllib.request.urlopen(request, context=context).read()
  File "/anaconda3/lib/python3.6/urllib/request.py", line 223, in urlopen
    return opener.open(url, data, timeout)
  File "/anaconda3/lib/python3.6/urllib/request.py", line 526, in open
    response = self._open(req, data)
  File "/anaconda3/lib/python3.6/urllib/request.py", line 544, in _open
    '_open', req)
  File "/anaconda3/lib/python3.6/urllib/request.py", line 504, in _call_chain
    result = func(*args)
  File "/anaconda3/lib/python3.6/urllib/request.py", line 1361, in https_open
    context=self._context, check_hostname=self._check_hostname)
  File "/anaconda3/lib/python3.6/urllib/request.py", line 1318, in do_open
    encode_chunked=req.has_header('Transfer-encoding'))
  File "/anaconda3/lib/python3.6/http/client.py", line 1239, in request
    self._send_request(method, url, body, headers, encode_chunked)
  File "/anaconda3/lib/python3.6/http/client.py", line 1250, in _send_request
    self.putrequest(method, url, **skips)
  File "/anaconda3/lib/python3.6/http/client.py", line 1117, in putrequest
    self._output(request.encode('ascii'))
UnicodeEncodeError: 'ascii' codec can't encode characters in position 42-53: ordinal not in range(128)

During handling of the above exception, another exception occurred:

Traceback (most recent call last):
  File "/Users/narissingngam/Desktop/isp/TravelPlanner/env/lib/python3.6/site-packages/django/core/handlers/exception.py", line 34, in inner
    response = get_response(request)
  File "/Users/narissingngam/Desktop/isp/TravelPlanner/env/lib/python3.6/site-packages/django/core/handlers/base.py", line 126, in _get_response
    response = self.process_exception_by_middleware(e, request)
  File "/Users/narissingngam/Desktop/isp/TravelPlanner/env/lib/python3.6/site-packages/django/core/handlers/base.py", line 124, in _get_response
    response = wrapped_callback(request, *callback_args, **callback_kwargs)
  File "/Users/narissingngam/Desktop/isp/TravelPlanner/env/lib/python3.6/site-packages/django/views/decorators/csrf.py", line 54, in wrapped_view
    return view_func(*args, **kwargs)
  File "/Users/narissingngam/Desktop/isp/TravelPlanner/map/views.py", line 97, in time_place
    logger.error(sys.exc_info())
NameError: name 'sys' is not defined
11-30 12:59 django.server ERROR    "POST /api/place/ HTTP/1.1" 500 119026
11-30 12:59 django.server ERROR    "POST /api/place/ HTTP/1.1" 500 119026
11-30 12:59 django.request ERROR    Internal Server Error: /api/place/
Traceback (most recent call last):
  File "/Users/narissingngam/Desktop/isp/TravelPlanner/map/views.py", line 90, in time_place
    response = urllib.request.urlopen(request, context=context).read()
  File "/anaconda3/lib/python3.6/urllib/request.py", line 223, in urlopen
    return opener.open(url, data, timeout)
  File "/anaconda3/lib/python3.6/urllib/request.py", line 526, in open
    response = self._open(req, data)
  File "/anaconda3/lib/python3.6/urllib/request.py", line 544, in _open
    '_open', req)
  File "/anaconda3/lib/python3.6/urllib/request.py", line 504, in _call_chain
    result = func(*args)
  File "/anaconda3/lib/python3.6/urllib/request.py", line 1361, in https_open
    context=self._context, check_hostname=self._check_hostname)
  File "/anaconda3/lib/python3.6/urllib/request.py", line 1318, in do_open
    encode_chunked=req.has_header('Transfer-encoding'))
  File "/anaconda3/lib/python3.6/http/client.py", line 1239, in request
    self._send_request(method, url, body, headers, encode_chunked)
  File "/anaconda3/lib/python3.6/http/client.py", line 1250, in _send_request
    self.putrequest(method, url, **skips)
  File "/anaconda3/lib/python3.6/http/client.py", line 1117, in putrequest
    self._output(request.encode('ascii'))
UnicodeEncodeError: 'ascii' codec can't encode characters in position 42-53: ordinal not in range(128)

During handling of the above exception, another exception occurred:

Traceback (most recent call last):
  File "/Users/narissingngam/Desktop/isp/TravelPlanner/env/lib/python3.6/site-packages/django/core/handlers/exception.py", line 34, in inner
    response = get_response(request)
  File "/Users/narissingngam/Desktop/isp/TravelPlanner/env/lib/python3.6/site-packages/django/core/handlers/base.py", line 126, in _get_response
    response = self.process_exception_by_middleware(e, request)
  File "/Users/narissingngam/Desktop/isp/TravelPlanner/env/lib/python3.6/site-packages/django/core/handlers/base.py", line 124, in _get_response
    response = wrapped_callback(request, *callback_args, **callback_kwargs)
  File "/Users/narissingngam/Desktop/isp/TravelPlanner/env/lib/python3.6/site-packages/django/views/decorators/csrf.py", line 54, in wrapped_view
    return view_func(*args, **kwargs)
  File "/Users/narissingngam/Desktop/isp/TravelPlanner/map/views.py", line 97, in time_place
    logger.error(sys.exc_info())
NameError: name 'sys' is not defined
11-30 12:59 django.server ERROR    "POST /api/place/ HTTP/1.1" 500 119026
11-30 12:59 django.request ERROR    Internal Server Error: /api/place/
Traceback (most recent call last):
  File "/Users/narissingngam/Desktop/isp/TravelPlanner/map/views.py", line 90, in time_place
    response = urllib.request.urlopen(request, context=context).read()
  File "/anaconda3/lib/python3.6/urllib/request.py", line 223, in urlopen
    return opener.open(url, data, timeout)
  File "/anaconda3/lib/python3.6/urllib/request.py", line 526, in open
    response = self._open(req, data)
  File "/anaconda3/lib/python3.6/urllib/request.py", line 544, in _open
    '_open', req)
  File "/anaconda3/lib/python3.6/urllib/request.py", line 504, in _call_chain
    result = func(*args)
  File "/anaconda3/lib/python3.6/urllib/request.py", line 1361, in https_open
    context=self._context, check_hostname=self._check_hostname)
  File "/anaconda3/lib/python3.6/urllib/request.py", line 1318, in do_open
    encode_chunked=req.has_header('Transfer-encoding'))
  File "/anaconda3/lib/python3.6/http/client.py", line 1239, in request
    self._send_request(method, url, body, headers, encode_chunked)
  File "/anaconda3/lib/python3.6/http/client.py", line 1250, in _send_request
    self.putrequest(method, url, **skips)
  File "/anaconda3/lib/python3.6/http/client.py", line 1117, in putrequest
    self._output(request.encode('ascii'))
UnicodeEncodeError: 'ascii' codec can't encode characters in position 42-53: ordinal not in range(128)

During handling of the above exception, another exception occurred:

Traceback (most recent call last):
  File "/Users/narissingngam/Desktop/isp/TravelPlanner/env/lib/python3.6/site-packages/django/core/handlers/exception.py", line 34, in inner
    response = get_response(request)
  File "/Users/narissingngam/Desktop/isp/TravelPlanner/env/lib/python3.6/site-packages/django/core/handlers/base.py", line 126, in _get_response
    response = self.process_exception_by_middleware(e, request)
  File "/Users/narissingngam/Desktop/isp/TravelPlanner/env/lib/python3.6/site-packages/django/core/handlers/base.py", line 124, in _get_response
    response = wrapped_callback(request, *callback_args, **callback_kwargs)
  File "/Users/narissingngam/Desktop/isp/TravelPlanner/env/lib/python3.6/site-packages/django/views/decorators/csrf.py", line 54, in wrapped_view
    return view_func(*args, **kwargs)
  File "/Users/narissingngam/Desktop/isp/TravelPlanner/map/views.py", line 97, in time_place
    logger.error(sys.exc_info())
NameError: name 'sys' is not defined
11-30 12:59 django.server ERROR    "POST /api/place/ HTTP/1.1" 500 119026
11-30 13:00 logger       INFO     Khao Yai National Park, 3.00,0, 2018-11-30,00:00 saved!
11-30 13:00 django.server INFO     "POST /api/savedata/ HTTP/1.1" 200 23
11-30 13:00 logger       INFO     Sathon District Office, 3.00,2 hours 0 mins, 2018-11-30,05:00 saved!
11-30 13:00 django.server INFO     "POST /api/savedata/ HTTP/1.1" 200 23
11-30 13:00 logger       INFO     Kasetsart University, 3.00,27 mins, 2018-11-30,08:27 saved!
11-30 13:00 django.server INFO     "POST /api/savedata/ HTTP/1.1" 200 23
11-30 13:00 logger       INFO     เชียงคานบุรี, ,27 mins, 2018-11-30,00:00 saved!
11-30 13:00 django.server INFO     "POST /api/savedata/ HTTP/1.1" 200 23
11-30 13:00 django.server INFO     "GET / HTTP/1.1" 200 698
11-30 13:00 django.server INFO     "GET /static/js/manifest.2ae2e69a05c33dfc65f8.js HTTP/1.1" 304 0
11-30 13:00 django.server INFO     "GET /static/css/app.8cf8345de2c358f5a3546a816b866972.css HTTP/1.1" 304 0
11-30 13:00 django.server INFO     "GET /static/js/vendor.0d6b511f58a42807b804.js HTTP/1.1" 304 0
11-30 13:00 django.server INFO     "GET /static/js/app.c75b68673e156a91cb8e.js HTTP/1.1" 304 0
11-30 13:00 django.server INFO     "GET /static/js/manifest.2ae2e69a05c33dfc65f8.js.map HTTP/1.1" 304 0
11-30 13:00 django.server INFO     "GET /static/js/vendor.0d6b511f58a42807b804.js.map HTTP/1.1" 304 0
11-30 13:00 django.server INFO     "GET /static/js/app.c75b68673e156a91cb8e.js.map HTTP/1.1" 304 0
11-30 13:00 django.server INFO     "GET /static/css/app.8cf8345de2c358f5a3546a816b866972.css.map HTTP/1.1" 304 0
11-30 13:00 logger       INFO     add {'date': '2018-11-28', 'name': 'Darm tour', 'id': 'ed2cwv3o0'}
11-30 13:00 logger       INFO     add {'date': '2018-11-27', 'name': 'dudu', 'id': 'apgy47g3s'}
11-30 13:00 logger       INFO     add {'date': '2018-11-30', 'name': 'mint', 'id': 'mghwhxxzv'}
11-30 13:00 logger       INFO     add {'date': '2018-11-30', 'name': 'm', 'id': '0qe2zkrc4'}
11-30 13:00 logger       INFO     add {'date': '2018-11-30', 'name': 'plan in khaoyai', 'id': 'phzxcy7mq'}
11-30 13:00 django.server INFO     "POST /api/user_data/ HTTP/1.1" 200 308
11-30 13:00 logger       INFO     {'id': 'phzxcy7mq', 'email': 'darmonlyone@gmail.com', 'date': '2018-11-30', 'name': 'plan in khaoyai', 'location': 'Khao Yai National Park', 'spendtime': '3.00', 'times': '00:00', 'duration': '0', 'remaining': '24.0'}
11-30 13:00 logger       INFO     {'id': 'phzxcy7mq', 'email': 'darmonlyone@gmail.com', 'date': '2018-11-30', 'name': 'plan in khaoyai', 'location': 'Sathon District Office', 'spendtime': '3.00', 'times': '05:00', 'duration': '2 hours 0 mins', 'remaining': '21.0'}
11-30 13:00 logger       INFO     {'id': 'phzxcy7mq', 'email': 'darmonlyone@gmail.com', 'date': '2018-11-30', 'name': 'plan in khaoyai', 'location': 'Kasetsart University', 'spendtime': '3.00', 'times': '08:27', 'duration': '27 mins', 'remaining': '16.0'}
11-30 13:00 logger       INFO     {'id': 'phzxcy7mq', 'email': 'darmonlyone@gmail.com', 'date': '2018-11-30', 'name': 'plan in khaoyai', 'location': 'เชียงคานบุรี', 'spendtime': '', 'times': '00:00', 'duration': '27 mins', 'remaining': '12.33'}
11-30 13:00 django.server INFO     "POST /api/plan_data/ HTTP/1.1" 200 946
11-30 13:18 django.server INFO     "GET /admin/ HTTP/1.1" 200 6813
11-30 13:48 django.server INFO     "GET / HTTP/1.1" 200 698
11-30 13:48 django.server INFO     "GET /static/css/app.8cf8345de2c358f5a3546a816b866972.css HTTP/1.1" 200 203547
11-30 13:48 django.server INFO     "GET /static/js/manifest.2ae2e69a05c33dfc65f8.js HTTP/1.1" 200 857
11-30 13:48 django.server INFO     "GET /static/js/app.c75b68673e156a91cb8e.js HTTP/1.1" 200 33623
11-30 13:48 django.server INFO     "GET /static/js/vendor.0d6b511f58a42807b804.js HTTP/1.1" 200 409871
11-30 13:48 django.server INFO     "GET /static/js/manifest.2ae2e69a05c33dfc65f8.js.map HTTP/1.1" 200 4972
11-30 13:48 django.server INFO     "GET /static/css/app.8cf8345de2c358f5a3546a816b866972.css.map HTTP/1.1" 200 545150
11-30 13:48 django.server INFO     "GET /static/js/app.c75b68673e156a91cb8e.js.map HTTP/1.1" 200 115214
11-30 13:48 django.server INFO     "GET /static/js/vendor.0d6b511f58a42807b804.js.map HTTP/1.1" 200 1609796
11-30 13:48 django.server INFO     "GET /static/img/travel-planner.8e0238f.png HTTP/1.1" 200 868789
11-30 13:48 logger       INFO     add {'date': '2018-11-28', 'name': 'Darm tour', 'id': 'ed2cwv3o0'}
11-30 13:48 logger       INFO     add {'date': '2018-11-27', 'name': 'dudu', 'id': 'apgy47g3s'}
11-30 13:48 logger       INFO     add {'date': '2018-11-30', 'name': 'mint', 'id': 'mghwhxxzv'}
11-30 13:48 logger       INFO     add {'date': '2018-11-30', 'name': 'm', 'id': '0qe2zkrc4'}
11-30 13:48 logger       INFO     add {'date': '2018-11-30', 'name': 'plan in khaoyai', 'id': 'phzxcy7mq'}
11-30 13:48 django.server INFO     "POST /api/user_data/ HTTP/1.1" 200 308
11-30 13:48 django.server INFO     "POST /api/plan_data/ HTTP/1.1" 200 2
11-30 13:48 logger       INFO     search: [{'formatted_address': '5820 125th Ln NE, Kirkland, WA 98033, USA', 'name': 'Central Park Tennis Club', 'opening_hours': {'open_now': False}}]
11-30 13:48 django.server INFO     "POST /api/search/ HTTP/1.1" 200 142
11-30 13:48 logger       INFO     remaining time : 23.0
11-30 13:48 django.server INFO     "POST /api/time-remain/ HTTP/1.1" 200 6
11-30 13:55 django.server INFO     "GET / HTTP/1.1" 200 698
11-30 13:55 django.server INFO     "GET /static/js/vendor.0d6b511f58a42807b804.js HTTP/1.1" 304 0
11-30 13:55 django.server INFO     "GET /static/js/app.c75b68673e156a91cb8e.js HTTP/1.1" 304 0
11-30 13:55 django.server INFO     "GET /static/js/manifest.2ae2e69a05c33dfc65f8.js HTTP/1.1" 304 0
11-30 13:55 django.server INFO     "GET /static/css/app.8cf8345de2c358f5a3546a816b866972.css HTTP/1.1" 304 0
11-30 13:55 django.server INFO     "GET /static/js/manifest.2ae2e69a05c33dfc65f8.js.map HTTP/1.1" 304 0
11-30 13:55 django.server INFO     "GET /static/js/vendor.0d6b511f58a42807b804.js.map HTTP/1.1" 304 0
11-30 13:55 django.server INFO     "GET /static/js/app.c75b68673e156a91cb8e.js.map HTTP/1.1" 304 0
11-30 13:55 django.server INFO     "GET /static/css/app.8cf8345de2c358f5a3546a816b866972.css.map HTTP/1.1" 304 0
11-30 13:55 logger       INFO     add {'date': '2018-11-28', 'name': 'Darm tour', 'id': 'ed2cwv3o0'}
11-30 13:55 logger       INFO     add {'date': '2018-11-27', 'name': 'dudu', 'id': 'apgy47g3s'}
11-30 13:55 logger       INFO     add {'date': '2018-11-30', 'name': 'mint', 'id': 'mghwhxxzv'}
11-30 13:55 logger       INFO     add {'date': '2018-11-30', 'name': 'm', 'id': '0qe2zkrc4'}
11-30 13:55 logger       INFO     add {'date': '2018-11-30', 'name': 'plan in khaoyai', 'id': 'phzxcy7mq'}
11-30 13:55 django.server INFO     "POST /api/user_data/ HTTP/1.1" 200 308
11-30 14:00 django.server INFO     "GET / HTTP/1.1" 200 698
11-30 14:00 django.server INFO     "GET /static/js/manifest.2ae2e69a05c33dfc65f8.js HTTP/1.1" 304 0
11-30 14:00 django.server INFO     "GET /static/css/app.8cf8345de2c358f5a3546a816b866972.css HTTP/1.1" 304 0
11-30 14:00 django.server INFO     "GET /static/js/vendor.0d6b511f58a42807b804.js HTTP/1.1" 304 0
11-30 14:00 django.server INFO     "GET /static/js/app.c75b68673e156a91cb8e.js HTTP/1.1" 304 0
11-30 14:00 django.server INFO     "GET /static/css/app.8cf8345de2c358f5a3546a816b866972.css.map HTTP/1.1" 304 0
11-30 14:00 django.server INFO     "GET /static/js/vendor.0d6b511f58a42807b804.js.map HTTP/1.1" 304 0
11-30 14:00 django.server INFO     "GET /static/js/app.c75b68673e156a91cb8e.js.map HTTP/1.1" 304 0
11-30 14:00 django.server INFO     "GET /static/js/manifest.2ae2e69a05c33dfc65f8.js.map HTTP/1.1" 304 0
11-30 14:01 logger       INFO     add {'date': '2018-11-28', 'name': 'Darm tour', 'id': 'ed2cwv3o0'}
11-30 14:01 logger       INFO     add {'date': '2018-11-27', 'name': 'dudu', 'id': 'apgy47g3s'}
11-30 14:01 logger       INFO     add {'date': '2018-11-30', 'name': 'mint', 'id': 'mghwhxxzv'}
11-30 14:01 logger       INFO     add {'date': '2018-11-30', 'name': 'm', 'id': '0qe2zkrc4'}
11-30 14:01 logger       INFO     add {'date': '2018-11-30', 'name': 'plan in khaoyai', 'id': 'phzxcy7mq'}
11-30 14:01 django.server INFO     "POST /api/user_data/ HTTP/1.1" 200 308
11-30 14:01 logger       INFO     {'id': 'ed2cwv3o0', 'email': 'darmonlyone@gmail.com', 'date': '2018-11-28', 'name': 'Darm tour', 'location': 'Pattaya Night Walking Street', 'spendtime': '0.26', 'times': '01:00', 'duration': '0', 'remaining': '1.00'}
11-30 14:01 logger       INFO     {'id': 'ed2cwv3o0', 'email': 'darmonlyone@gmail.com', 'date': '2018-11-28', 'name': 'Darm tour', 'location': 'Pattaya Park Parking', 'spendtime': '0.26', 'times': '01:38', 'duration': '12 mins', 'remaining': '1.00'}
11-30 14:01 logger       INFO     {'id': 'ed2cwv3o0', 'email': 'darmonlyone@gmail.com', 'date': '2018-11-28', 'name': 'Darm tour', 'location': 'Pattaya Night Bazaar', 'spendtime': '0.01', 'times': '03:44', 'duration': '16 mins', 'remaining': '0.22'}
11-30 14:01 logger       INFO     {'id': 'ed2cwv3o0', 'email': 'darmonlyone@gmail.com', 'date': '2018-11-28', 'name': 'Darm tour', 'location': '', 'spendtime': '', 'times': '01:00', 'duration': '16 mins', 'remaining': '0.05'}
11-30 14:01 django.server INFO     "POST /api/plan_data/ HTTP/1.1" 200 846
11-30 14:20 django.server INFO     "GET / HTTP/1.1" 200 698
11-30 14:20 django.server INFO     "GET /static/css/app.8cf8345de2c358f5a3546a816b866972.css HTTP/1.1" 304 0
11-30 14:20 django.server INFO     "GET /static/js/manifest.2ae2e69a05c33dfc65f8.js HTTP/1.1" 304 0
11-30 14:20 django.server INFO     "GET /static/js/vendor.0d6b511f58a42807b804.js HTTP/1.1" 304 0
11-30 14:20 django.server INFO     "GET /static/js/app.c75b68673e156a91cb8e.js HTTP/1.1" 304 0
11-30 14:20 django.server INFO     "GET /static/img/travel-planner.8e0238f.png HTTP/1.1" 304 0
11-30 14:20 logger       INFO     add {'date': '2018-11-28', 'name': 'Darm tour', 'id': 'ed2cwv3o0'}
11-30 14:20 logger       INFO     add {'date': '2018-11-27', 'name': 'dudu', 'id': 'apgy47g3s'}
11-30 14:20 logger       INFO     add {'date': '2018-11-30', 'name': 'mint', 'id': 'mghwhxxzv'}
11-30 14:20 django.server INFO     "GET /static/js/manifest.2ae2e69a05c33dfc65f8.js.map HTTP/1.1" 304 0
11-30 14:20 django.server INFO     "GET /static/js/vendor.0d6b511f58a42807b804.js.map HTTP/1.1" 304 0
11-30 14:20 django.server INFO     "GET /static/js/app.c75b68673e156a91cb8e.js.map HTTP/1.1" 304 0
11-30 14:20 django.server INFO     "GET /static/css/app.8cf8345de2c358f5a3546a816b866972.css.map HTTP/1.1" 304 0
11-30 14:20 logger       INFO     add {'date': '2018-11-30', 'name': 'm', 'id': '0qe2zkrc4'}
11-30 14:20 logger       INFO     add {'date': '2018-11-30', 'name': 'plan in khaoyai', 'id': 'phzxcy7mq'}
11-30 14:20 django.server INFO     "POST /api/user_data/ HTTP/1.1" 200 308
11-30 14:24 django.server INFO     "GET / HTTP/1.1" 200 698
11-30 14:24 django.server INFO     "GET /static/js/app.af3766720f9dc055ecca.js HTTP/1.1" 200 33743
11-30 14:24 django.server INFO     "GET /static/css/app.8cf8345de2c358f5a3546a816b866972.css HTTP/1.1" 200 203547
11-30 14:24 django.server INFO     "GET /static/js/manifest.2ae2e69a05c33dfc65f8.js HTTP/1.1" 200 857
11-30 14:24 django.server INFO     "GET /static/js/vendor.0d6b511f58a42807b804.js HTTP/1.1" 200 409871
11-30 14:24 django.server INFO     "GET /static/js/manifest.2ae2e69a05c33dfc65f8.js.map HTTP/1.1" 200 4972
11-30 14:24 django.server INFO     "GET /static/css/app.8cf8345de2c358f5a3546a816b866972.css.map HTTP/1.1" 200 545150
11-30 14:24 django.server INFO     "GET /static/js/app.af3766720f9dc055ecca.js.map HTTP/1.1" 200 115354
11-30 14:24 django.server INFO     "GET /static/js/vendor.0d6b511f58a42807b804.js.map HTTP/1.1" 200 1609796
11-30 14:24 django.server INFO     "GET / HTTP/1.1" 200 698
11-30 14:24 django.server INFO     "GET /static/css/app.8cf8345de2c358f5a3546a816b866972.css HTTP/1.1" 304 0
11-30 14:24 django.server INFO     "GET /static/js/manifest.2ae2e69a05c33dfc65f8.js HTTP/1.1" 304 0
11-30 14:24 django.server INFO     "GET /static/js/vendor.0d6b511f58a42807b804.js HTTP/1.1" 304 0
11-30 14:24 django.server INFO     "GET /static/js/app.af3766720f9dc055ecca.js HTTP/1.1" 304 0
11-30 14:24 django.server INFO     "GET /static/js/manifest.2ae2e69a05c33dfc65f8.js.map HTTP/1.1" 304 0
11-30 14:24 django.server INFO     "GET /static/js/vendor.0d6b511f58a42807b804.js.map HTTP/1.1" 304 0
11-30 14:24 django.server INFO     "GET /static/js/app.af3766720f9dc055ecca.js.map HTTP/1.1" 304 0
11-30 14:24 django.server INFO     "GET /static/css/app.8cf8345de2c358f5a3546a816b866972.css.map HTTP/1.1" 304 0
11-30 14:24 logger       INFO     add {'date': '2018-11-28', 'name': 'Darm tour', 'id': 'ed2cwv3o0'}
11-30 14:24 logger       INFO     add {'date': '2018-11-27', 'name': 'dudu', 'id': 'apgy47g3s'}
11-30 14:24 logger       INFO     add {'date': '2018-11-30', 'name': 'mint', 'id': 'mghwhxxzv'}
11-30 14:24 logger       INFO     add {'date': '2018-11-30', 'name': 'm', 'id': '0qe2zkrc4'}
11-30 14:24 logger       INFO     add {'date': '2018-11-30', 'name': 'plan in khaoyai', 'id': 'phzxcy7mq'}
11-30 14:24 django.server INFO     "POST /api/user_data/ HTTP/1.1" 200 308
11-30 14:24 django.server INFO     "POST /api/plan_data/ HTTP/1.1" 200 2
11-30 14:24 logger       INFO     search: [{'formatted_address': '59/8 Nimmanahaeminda Road, Tambon Su Thep, Amphoe Mueang Chiang Mai, Chang Wat Chiang Mai 50200, Thailand', 'name': 'Nimman House Thai Massage', 'opening_hours': {'open_now': True}}]
11-30 14:24 django.server INFO     "POST /api/search/ HTTP/1.1" 200 206
11-30 14:27 django.server INFO     "GET / HTTP/1.1" 200 698
11-30 14:27 django.server INFO     "GET /static/js/app.66b55e2ef02055022931.js HTTP/1.1" 200 33823
11-30 14:27 django.server INFO     "GET /static/js/manifest.2ae2e69a05c33dfc65f8.js HTTP/1.1" 200 857
11-30 14:27 django.server INFO     "GET /static/css/app.8cf8345de2c358f5a3546a816b866972.css HTTP/1.1" 200 203547
11-30 14:27 django.server INFO     "GET /static/js/vendor.0d6b511f58a42807b804.js HTTP/1.1" 200 409871
11-30 14:27 django.server INFO     "GET /static/js/manifest.2ae2e69a05c33dfc65f8.js.map HTTP/1.1" 200 4972
11-30 14:27 django.server INFO     "GET /static/js/app.66b55e2ef02055022931.js.map HTTP/1.1" 200 115398
11-30 14:27 django.server INFO     "GET /static/css/app.8cf8345de2c358f5a3546a816b866972.css.map HTTP/1.1" 200 545150
11-30 14:27 django.server INFO     "GET /static/js/vendor.0d6b511f58a42807b804.js.map HTTP/1.1" 200 1609796
11-30 14:52 django.server INFO     "GET / HTTP/1.1" 200 698
11-30 14:52 django.server INFO     "GET /static/js/app.a8d5fb5942d1a3f0fe12.js HTTP/1.1" 200 33623
11-30 14:52 django.server INFO     "GET /static/css/app.8cf8345de2c358f5a3546a816b866972.css HTTP/1.1" 200 203547
11-30 14:52 django.server INFO     "GET /static/js/manifest.2ae2e69a05c33dfc65f8.js HTTP/1.1" 200 857
11-30 14:52 django.server INFO     "GET /static/js/vendor.0d6b511f58a42807b804.js HTTP/1.1" 200 409871
11-30 14:52 django.server INFO     "GET /static/css/app.8cf8345de2c358f5a3546a816b866972.css.map HTTP/1.1" 200 545150
11-30 14:52 django.server INFO     "GET /static/js/manifest.2ae2e69a05c33dfc65f8.js.map HTTP/1.1" 200 4972
11-30 14:52 django.server INFO     "GET /static/js/app.a8d5fb5942d1a3f0fe12.js.map HTTP/1.1" 200 115398
11-30 14:52 django.server INFO     "GET /static/js/vendor.0d6b511f58a42807b804.js.map HTTP/1.1" 200 1609796
11-30 14:52 logger       INFO     add {'date': '2018-11-28', 'name': 'Darm tour', 'id': 'ed2cwv3o0'}
11-30 14:52 logger       INFO     add {'date': '2018-11-27', 'name': 'dudu', 'id': 'apgy47g3s'}
11-30 14:52 logger       INFO     add {'date': '2018-11-30', 'name': 'mint', 'id': 'mghwhxxzv'}
11-30 14:52 logger       INFO     add {'date': '2018-11-30', 'name': 'm', 'id': '0qe2zkrc4'}
11-30 14:52 logger       INFO     add {'date': '2018-11-30', 'name': 'plan in khaoyai', 'id': 'phzxcy7mq'}
11-30 14:52 django.server INFO     "POST /api/user_data/ HTTP/1.1" 200 308
11-30 14:53 logger       INFO     {'id': 'ed2cwv3o0', 'email': 'darmonlyone@gmail.com', 'date': '2018-11-28', 'name': 'Darm tour', 'location': 'Pattaya Night Walking Street', 'spendtime': '0.26', 'times': '01:00', 'duration': '0', 'remaining': '1.00'}
11-30 14:53 logger       INFO     {'id': 'ed2cwv3o0', 'email': 'darmonlyone@gmail.com', 'date': '2018-11-28', 'name': 'Darm tour', 'location': 'Pattaya Park Parking', 'spendtime': '0.26', 'times': '01:38', 'duration': '12 mins', 'remaining': '1.00'}
11-30 14:53 logger       INFO     {'id': 'ed2cwv3o0', 'email': 'darmonlyone@gmail.com', 'date': '2018-11-28', 'name': 'Darm tour', 'location': 'Pattaya Night Bazaar', 'spendtime': '0.01', 'times': '03:44', 'duration': '16 mins', 'remaining': '0.22'}
11-30 14:53 logger       INFO     {'id': 'ed2cwv3o0', 'email': 'darmonlyone@gmail.com', 'date': '2018-11-28', 'name': 'Darm tour', 'location': '', 'spendtime': '', 'times': '01:00', 'duration': '16 mins', 'remaining': '0.05'}
11-30 14:53 django.server INFO     "POST /api/plan_data/ HTTP/1.1" 200 846
11-30 15:11 django.server INFO     "GET / HTTP/1.1" 200 698
11-30 15:11 django.server INFO     "GET /static/js/manifest.2ae2e69a05c33dfc65f8.js HTTP/1.1" 304 0
11-30 15:11 django.server INFO     "GET /static/js/vendor.0d6b511f58a42807b804.js HTTP/1.1" 304 0
11-30 15:11 django.server INFO     "GET /static/js/app.a8d5fb5942d1a3f0fe12.js HTTP/1.1" 304 0
11-30 15:11 django.server INFO     "GET /static/css/app.8cf8345de2c358f5a3546a816b866972.css HTTP/1.1" 304 0
11-30 15:11 django.server INFO     "GET /static/js/manifest.2ae2e69a05c33dfc65f8.js.map HTTP/1.1" 304 0
11-30 15:11 django.server INFO     "GET /static/js/vendor.0d6b511f58a42807b804.js.map HTTP/1.1" 304 0
11-30 15:11 django.server INFO     "GET /static/js/app.a8d5fb5942d1a3f0fe12.js.map HTTP/1.1" 304 0
11-30 15:11 django.server INFO     "GET /static/css/app.8cf8345de2c358f5a3546a816b866972.css.map HTTP/1.1" 304 0
11-30 15:11 logger       INFO     add {'date': '2018-11-28', 'name': 'Darm tour', 'id': 'ed2cwv3o0'}
11-30 15:11 logger       INFO     add {'date': '2018-11-27', 'name': 'dudu', 'id': 'apgy47g3s'}
11-30 15:11 logger       INFO     add {'date': '2018-11-30', 'name': 'mint', 'id': 'mghwhxxzv'}
11-30 15:11 logger       INFO     add {'date': '2018-11-30', 'name': 'm', 'id': '0qe2zkrc4'}
11-30 15:11 logger       INFO     add {'date': '2018-11-30', 'name': 'plan in khaoyai', 'id': 'phzxcy7mq'}
11-30 15:11 django.server INFO     "POST /api/user_data/ HTTP/1.1" 200 308
11-30 15:11 django.server INFO     "GET / HTTP/1.1" 200 698
11-30 15:11 logger       INFO     add {'date': '2018-11-28', 'name': 'Darm tour', 'id': 'ed2cwv3o0'}
11-30 15:12 logger       INFO     add {'date': '2018-11-27', 'name': 'dudu', 'id': 'apgy47g3s'}
11-30 15:12 logger       INFO     add {'date': '2018-11-30', 'name': 'mint', 'id': 'mghwhxxzv'}
11-30 15:12 logger       INFO     add {'date': '2018-11-30', 'name': 'm', 'id': '0qe2zkrc4'}
11-30 15:12 django.server INFO     "GET /static/img/travel-planner.8e0238f.png HTTP/1.1" 200 868789
11-30 15:12 logger       INFO     add {'date': '2018-11-30', 'name': 'plan in khaoyai', 'id': 'phzxcy7mq'}
11-30 15:12 django.server INFO     "POST /api/user_data/ HTTP/1.1" 200 308
11-30 15:17 django.server INFO     "GET / HTTP/1.1" 200 698
11-30 15:17 django.server INFO     "GET /static/css/app.8cf8345de2c358f5a3546a816b866972.css HTTP/1.1" 304 0
11-30 15:17 django.server INFO     "GET /static/js/manifest.2ae2e69a05c33dfc65f8.js HTTP/1.1" 304 0
11-30 15:17 django.server INFO     "GET /static/js/vendor.0d6b511f58a42807b804.js HTTP/1.1" 304 0
11-30 15:17 django.server INFO     "GET /static/js/app.a8d5fb5942d1a3f0fe12.js HTTP/1.1" 304 0
11-30 15:17 django.server INFO     "GET /static/js/manifest.2ae2e69a05c33dfc65f8.js.map HTTP/1.1" 304 0
11-30 15:17 django.server INFO     "GET /static/js/vendor.0d6b511f58a42807b804.js.map HTTP/1.1" 304 0
11-30 15:17 django.server INFO     "GET /static/js/app.a8d5fb5942d1a3f0fe12.js.map HTTP/1.1" 304 0
11-30 15:17 django.server INFO     "GET /static/css/app.8cf8345de2c358f5a3546a816b866972.css.map HTTP/1.1" 304 0
11-30 15:17 logger       INFO     add {'date': '2018-11-28', 'name': 'Darm tour', 'id': 'ed2cwv3o0'}
11-30 15:17 logger       INFO     add {'date': '2018-11-27', 'name': 'dudu', 'id': 'apgy47g3s'}
11-30 15:17 logger       INFO     add {'date': '2018-11-30', 'name': 'mint', 'id': 'mghwhxxzv'}
11-30 15:17 logger       INFO     add {'date': '2018-11-30', 'name': 'm', 'id': '0qe2zkrc4'}
11-30 15:17 logger       INFO     add {'date': '2018-11-30', 'name': 'plan in khaoyai', 'id': 'phzxcy7mq'}
11-30 15:17 django.server INFO     "POST /api/user_data/ HTTP/1.1" 200 308
11-30 15:38 django.server INFO     "GET / HTTP/1.1" 200 698
11-30 15:38 django.server INFO     "GET /static/css/app.8cf8345de2c358f5a3546a816b866972.css HTTP/1.1" 304 0
11-30 15:38 django.server INFO     "GET /static/js/manifest.2ae2e69a05c33dfc65f8.js HTTP/1.1" 304 0
11-30 15:38 django.server INFO     "GET /static/js/vendor.0d6b511f58a42807b804.js HTTP/1.1" 304 0
11-30 15:38 django.server INFO     "GET /static/js/app.a8d5fb5942d1a3f0fe12.js HTTP/1.1" 304 0
11-30 15:38 django.server INFO     "GET /static/css/app.8cf8345de2c358f5a3546a816b866972.css.map HTTP/1.1" 304 0
11-30 15:38 django.server INFO     "GET /static/js/manifest.2ae2e69a05c33dfc65f8.js.map HTTP/1.1" 304 0
11-30 15:38 django.server INFO     "GET /static/js/vendor.0d6b511f58a42807b804.js.map HTTP/1.1" 304 0
11-30 15:38 django.server INFO     "GET /static/js/app.a8d5fb5942d1a3f0fe12.js.map HTTP/1.1" 304 0
11-30 15:38 logger       INFO     add {'date': '2018-11-28', 'name': 'Darm tour', 'id': 'ed2cwv3o0'}
11-30 15:38 logger       INFO     add {'date': '2018-11-27', 'name': 'dudu', 'id': 'apgy47g3s'}
11-30 15:38 logger       INFO     add {'date': '2018-11-30', 'name': 'mint', 'id': 'mghwhxxzv'}
11-30 15:38 logger       INFO     add {'date': '2018-11-30', 'name': 'm', 'id': '0qe2zkrc4'}
11-30 15:38 logger       INFO     add {'date': '2018-11-30', 'name': 'plan in khaoyai', 'id': 'phzxcy7mq'}
11-30 15:38 django.server INFO     "POST /api/user_data/ HTTP/1.1" 200 308
11-30 15:38 logger       INFO     add {'date': '2018-11-27', 'name': 'Sathon road', 'id': '1hdaqv02v'}
11-30 15:38 logger       INFO     add {'date': '2018-11-27', 'name': 'pakkanuy', 'id': 'd7p0mg6zj'}
11-30 15:38 logger       INFO     add {'date': '2018-12-01', 'name': 'วัด9วัน', 'id': '7y5w29w2u'}
11-30 15:38 django.server INFO     "POST /api/user_data/ HTTP/1.1" 200 221
11-30 15:38 logger       INFO     {'id': '1hdaqv02v', 'email': 'mmintttt@gmail.com', 'date': '2018-11-27', 'name': 'Sathon road', 'location': 'Sathon District Office', 'spendtime': '2.00', 'times': '00:00', 'duration': '0', 'remaining': '24.0'}
11-30 15:38 logger       INFO     {'id': '1hdaqv02v', 'email': 'mmintttt@gmail.com', 'date': '2018-11-27', 'name': 'Sathon road', 'location': 'Mahanakhon Tower', 'spendtime': '2.00', 'times': '02:09', 'duration': '9 mins', 'remaining': '22.0'}
11-30 15:38 logger       INFO     {'id': '1hdaqv02v', 'email': 'mmintttt@gmail.com', 'date': '2018-11-27', 'name': 'Sathon road', 'location': 'Assumption University Suvarnabhumi Campus', 'spendtime': '2.00', 'times': '07:04', 'duration': '46 mins', 'remaining': '19.51'}
11-30 15:38 logger       INFO     {'id': '1hdaqv02v', 'email': 'mmintttt@gmail.com', 'date': '2018-11-27', 'name': 'Sathon road', 'location': '', 'spendtime': '', 'times': '00:00', 'duration': '46 mins', 'remaining': '17.05'}
11-30 15:38 django.server INFO     "POST /api/plan_data/ HTTP/1.1" 200 854
11-30 15:38 django.server INFO     "GET / HTTP/1.1" 200 698
11-30 15:38 logger       INFO     add {'date': '2018-11-27', 'name': 'Sathon road', 'id': '1hdaqv02v'}
11-30 15:38 logger       INFO     add {'date': '2018-11-27', 'name': 'pakkanuy', 'id': 'd7p0mg6zj'}
11-30 15:38 logger       INFO     add {'date': '2018-12-01', 'name': 'วัด9วัน', 'id': '7y5w29w2u'}
11-30 15:38 django.server INFO     "POST /api/user_data/ HTTP/1.1" 200 221
11-30 16:26 django.server INFO     "GET / HTTP/1.1" 200 698
11-30 16:26 django.server INFO     "GET /static/css/app.8cf8345de2c358f5a3546a816b866972.css HTTP/1.1" 304 0
11-30 16:26 django.server INFO     "GET /static/js/manifest.2ae2e69a05c33dfc65f8.js HTTP/1.1" 304 0
11-30 16:26 django.server INFO     "GET /static/js/app.a8d5fb5942d1a3f0fe12.js HTTP/1.1" 304 0
11-30 16:26 django.server INFO     "GET /static/js/vendor.0d6b511f58a42807b804.js HTTP/1.1" 304 0
11-30 16:26 django.server INFO     "GET /static/img/travel-planner.8e0238f.png HTTP/1.1" 304 0
11-30 16:26 logger       INFO     add {'date': '2018-11-27', 'name': 'Sathon road', 'id': '1hdaqv02v'}
11-30 16:26 logger       INFO     add {'date': '2018-11-27', 'name': 'pakkanuy', 'id': 'd7p0mg6zj'}
11-30 16:26 django.server INFO     "GET /static/js/manifest.2ae2e69a05c33dfc65f8.js.map HTTP/1.1" 304 0
11-30 16:26 django.server INFO     "GET /static/js/vendor.0d6b511f58a42807b804.js.map HTTP/1.1" 304 0
11-30 16:26 django.server INFO     "GET /static/js/app.a8d5fb5942d1a3f0fe12.js.map HTTP/1.1" 304 0
11-30 16:26 django.server INFO     "GET /static/css/app.8cf8345de2c358f5a3546a816b866972.css.map HTTP/1.1" 304 0
11-30 16:26 logger       INFO     add {'date': '2018-12-01', 'name': 'วัด9วัน', 'id': '7y5w29w2u'}
11-30 16:26 django.server INFO     "POST /api/user_data/ HTTP/1.1" 200 221
11-30 16:27 logger       INFO     {'id': 'd7p0mg6zj', 'email': 'mmintttt@gmail.com', 'date': '2018-11-27', 'name': 'pakkanuy', 'location': 'SuperHIT Kaset nawamin', 'spendtime': '3.00', 'times': '00:00', 'duration': '0', 'remaining': '24.0'}
11-30 16:27 logger       INFO     {'id': 'd7p0mg6zj', 'email': 'mmintttt@gmail.com', 'date': '2018-11-27', 'name': 'pakkanuy', 'location': 'Lab Republic', 'spendtime': '3.00', 'times': '03:05', 'duration': '5 mins', 'remaining': '21.0'}
11-30 16:27 logger       INFO     {'id': 'd7p0mg6zj', 'email': 'mmintttt@gmail.com', 'date': '2018-11-27', 'name': 'pakkanuy', 'location': 'Thay ekamai', 'spendtime': '3.00', 'times': '06:32', 'duration': '27 mins', 'remaining': '17.55'}
11-30 16:27 logger       INFO     {'id': 'd7p0mg6zj', 'email': 'mmintttt@gmail.com', 'date': '2018-11-27', 'name': 'pakkanuy', 'location': 'RCA Block C', 'spendtime': '3.00', 'times': '09:43', 'duration': '11 mins', 'remaining': '14.28'}
11-30 16:27 logger       INFO     {'id': 'd7p0mg6zj', 'email': 'mmintttt@gmail.com', 'date': '2018-11-27', 'name': 'pakkanuy', 'location': 'Vipavadi', 'spendtime': '3.00', 'times': '16:36', 'duration': '32 mins', 'remaining': '11.17'}
11-30 16:27 logger       INFO     {'id': 'd7p0mg6zj', 'email': 'mmintttt@gmail.com', 'date': '2018-11-27', 'name': 'pakkanuy', 'location': '', 'spendtime': '', 'times': '00:00', 'duration': '32 mins', 'remaining': '7.45'}
11-30 16:27 django.server INFO     "POST /api/plan_data/ HTTP/1.1" 200 1214
11-30 16:27 logger       INFO     {'id': 'd7p0mg6zj', 'email': 'mmintttt@gmail.com', 'date': '2018-11-27', 'name': 'pakkanuy', 'location': 'SuperHIT Kaset nawamin', 'spendtime': '3.00', 'times': '00:00', 'duration': '0', 'remaining': '24.0'}
11-30 16:27 logger       INFO     {'id': 'd7p0mg6zj', 'email': 'mmintttt@gmail.com', 'date': '2018-11-27', 'name': 'pakkanuy', 'location': 'Lab Republic', 'spendtime': '3.00', 'times': '03:05', 'duration': '5 mins', 'remaining': '21.0'}
11-30 16:27 logger       INFO     {'id': 'd7p0mg6zj', 'email': 'mmintttt@gmail.com', 'date': '2018-11-27', 'name': 'pakkanuy', 'location': 'Thay ekamai', 'spendtime': '3.00', 'times': '06:32', 'duration': '27 mins', 'remaining': '17.55'}
11-30 16:27 logger       INFO     {'id': 'd7p0mg6zj', 'email': 'mmintttt@gmail.com', 'date': '2018-11-27', 'name': 'pakkanuy', 'location': 'RCA Block C', 'spendtime': '3.00', 'times': '09:43', 'duration': '11 mins', 'remaining': '14.28'}
11-30 16:27 logger       INFO     {'id': 'd7p0mg6zj', 'email': 'mmintttt@gmail.com', 'date': '2018-11-27', 'name': 'pakkanuy', 'location': 'Vipavadi', 'spendtime': '3.00', 'times': '16:36', 'duration': '32 mins', 'remaining': '11.17'}
11-30 16:27 logger       INFO     {'id': 'd7p0mg6zj', 'email': 'mmintttt@gmail.com', 'date': '2018-11-27', 'name': 'pakkanuy', 'location': '', 'spendtime': '', 'times': '00:00', 'duration': '32 mins', 'remaining': '7.45'}
11-30 16:27 django.server INFO     "POST /api/plan_data/ HTTP/1.1" 200 1214
11-30 16:27 logger       INFO     {'id': 'd7p0mg6zj', 'email': 'mmintttt@gmail.com', 'date': '2018-11-27', 'name': 'pakkanuy', 'location': 'SuperHIT Kaset nawamin', 'spendtime': '3.00', 'times': '00:00', 'duration': '0', 'remaining': '24.0'}
11-30 16:27 logger       INFO     {'id': 'd7p0mg6zj', 'email': 'mmintttt@gmail.com', 'date': '2018-11-27', 'name': 'pakkanuy', 'location': 'Lab Republic', 'spendtime': '3.00', 'times': '03:05', 'duration': '5 mins', 'remaining': '21.0'}
11-30 16:27 logger       INFO     {'id': 'd7p0mg6zj', 'email': 'mmintttt@gmail.com', 'date': '2018-11-27', 'name': 'pakkanuy', 'location': 'Thay ekamai', 'spendtime': '3.00', 'times': '06:32', 'duration': '27 mins', 'remaining': '17.55'}
11-30 16:27 logger       INFO     {'id': 'd7p0mg6zj', 'email': 'mmintttt@gmail.com', 'date': '2018-11-27', 'name': 'pakkanuy', 'location': 'RCA Block C', 'spendtime': '3.00', 'times': '09:43', 'duration': '11 mins', 'remaining': '14.28'}
11-30 16:27 logger       INFO     {'id': 'd7p0mg6zj', 'email': 'mmintttt@gmail.com', 'date': '2018-11-27', 'name': 'pakkanuy', 'location': 'Vipavadi', 'spendtime': '3.00', 'times': '16:36', 'duration': '32 mins', 'remaining': '11.17'}
11-30 16:27 logger       INFO     {'id': 'd7p0mg6zj', 'email': 'mmintttt@gmail.com', 'date': '2018-11-27', 'name': 'pakkanuy', 'location': '', 'spendtime': '', 'times': '00:00', 'duration': '32 mins', 'remaining': '7.45'}
11-30 16:27 django.server INFO     "POST /api/plan_data/ HTTP/1.1" 200 2
11-30 16:27 django.server INFO     "POST /api/plan_data/ HTTP/1.1" 200 1214
11-30 16:27 logger       INFO     search: [{'formatted_address': '5820 125th Ln NE, Kirkland, WA 98033, USA', 'name': 'Central Park Tennis Club', 'opening_hours': {'open_now': True}}]
11-30 16:27 django.server INFO     "POST /api/search/ HTTP/1.1" 200 141
11-30 16:27 logger       INFO     remaining time : 19.0
11-30 16:27 django.server INFO     "POST /api/time-remain/ HTTP/1.1" 200 6
11-30 16:27 django.server INFO     "POST /api/plan_data/ HTTP/1.1" 200 2
11-30 16:28 logger       INFO     add {'date': '10/2/18', 'name': 'trip', 'id': '01'}
11-30 16:28 logger       INFO     add {'date': '10/2/18', 'name': 'trip', 'id': '03'}
11-30 16:28 logger       INFO     add {'date': '11/2/18', 'name': 'trip', 'id': '02'}
11-30 16:28 logger       INFO     remaining time : -0.20000000000000007
11-30 16:28 logger       INFO     duration between pattaya and bangkok : 1 hour 56 mins
11-30 16:28 logger       INFO     remaining time : 17.0
11-30 16:28 logger       INFO     remaining time : 18.45
11-30 16:28 logger       INFO     remaining time : 7.000000000000001
11-30 16:28 logger       INFO     chonburi, 1,3 hours, 02/12/2018,15:54 saved!
11-30 16:28 logger       INFO     search: [{'formatted_address': 'Bangkok, Thailand', 'name': 'Bangkok'}]
11-30 16:28 logger       INFO     duration between pattaya and bangkok : 1 hour 56 mins
11-30 16:28 logger       INFO     duration between phuket and chaingmai : 19 hours 58 mins
11-30 16:28 logger       INFO     duration between pat taya and b a n g kok : 1 hour 56 mins
11-30 16:28 logger       INFO     duration between Central World and chaingm ai : 8 hours 53 mins
11-30 16:35 django.server INFO     "GET / HTTP/1.1" 200 698
11-30 16:35 logger       INFO     add {'date': '2018-11-27', 'name': 'Sathon road', 'id': '1hdaqv02v'}
11-30 16:35 logger       INFO     add {'date': '2018-11-27', 'name': 'pakkanuy', 'id': 'd7p0mg6zj'}
11-30 16:35 logger       INFO     add {'date': '2018-12-01', 'name': 'วัด9วัน', 'id': '7y5w29w2u'}
11-30 16:35 django.server INFO     "POST /api/user_data/ HTTP/1.1" 200 221
11-30 16:35 logger       INFO     {'id': '7y5w29w2u', 'email': 'mmintttt@gmail.com', 'date': '2018-12-01', 'name': 'วัด9วัน', 'location': 'Temple of the Emerald Buddha', 'spendtime': '2.00', 'times': '08:00', 'duration': '0', 'remaining': '10.00'}
11-30 16:35 logger       INFO     {'id': '7y5w29w2u', 'email': 'mmintttt@gmail.com', 'date': '2018-12-01', 'name': 'วัด9วัน', 'location': 'Wat Phra Chetuphon Vimolmangklararm Rajwaramahaviharn', 'spendtime': '0.30', 'times': '10:01', 'duration': '1 min', 'remaining': '8.0'}
11-30 16:35 logger       INFO     {'id': '7y5w29w2u', 'email': 'mmintttt@gmail.com', 'date': '2018-12-01', 'name': 'วัด9วัน', 'location': 'Wat Arun Ratchawararam Ratchawaramahawihan', 'spendtime': '0.30', 'times': '10:42', 'duration': '11 mins', 'remaining': '7.29'}
11-30 16:35 logger       INFO     {'id': '7y5w29w2u', 'email': 'mmintttt@gmail.com', 'date': '2018-12-01', 'name': 'วัด9วัน', 'location': 'The Crystal Sb', 'spendtime': '1.30', 'times': '11:33', 'duration': '21 mins', 'remaining': '6.48'}
11-30 16:35 logger       INFO     {'id': '7y5w29w2u', 'email': 'mmintttt@gmail.com', 'date': '2018-12-01', 'name': 'วัด9วัน', 'location': '', 'spendtime': '', 'times': '08:00', 'duration': '21 mins', 'remaining': '4.57'}
11-30 16:35 django.server INFO     "POST /api/plan_data/ HTTP/1.1" 200 1235
11-30 16:43 django.server INFO     "GET / HTTP/1.1" 200 698
11-30 16:43 django.server INFO     "GET /static/css/app.8cf8345de2c358f5a3546a816b866972.css HTTP/1.1" 304 0
11-30 16:43 django.server INFO     "GET /static/js/manifest.2ae2e69a05c33dfc65f8.js HTTP/1.1" 304 0
11-30 16:43 django.server INFO     "GET /static/js/vendor.0d6b511f58a42807b804.js HTTP/1.1" 304 0
11-30 16:43 django.server INFO     "GET /static/js/app.a8d5fb5942d1a3f0fe12.js HTTP/1.1" 304 0
11-30 16:43 django.server INFO     "GET /static/js/manifest.2ae2e69a05c33dfc65f8.js.map HTTP/1.1" 304 0
11-30 16:43 django.server INFO     "GET /static/js/vendor.0d6b511f58a42807b804.js.map HTTP/1.1" 304 0
11-30 16:43 django.server INFO     "GET /static/js/app.a8d5fb5942d1a3f0fe12.js.map HTTP/1.1" 304 0
11-30 16:43 django.server INFO     "GET /static/css/app.8cf8345de2c358f5a3546a816b866972.css.map HTTP/1.1" 304 0
11-30 16:43 logger       INFO     add {'date': '2018-11-27', 'name': 'Sathon road', 'id': '1hdaqv02v'}
11-30 16:43 logger       INFO     add {'date': '2018-11-27', 'name': 'pakkanuy', 'id': 'd7p0mg6zj'}
11-30 16:43 django.server INFO     "GET /static/img/travel-planner.8e0238f.png HTTP/1.1" 304 0
11-30 16:43 logger       INFO     add {'date': '2018-12-01', 'name': 'วัด9วัน', 'id': '7y5w29w2u'}
11-30 16:43 django.server INFO     "POST /api/user_data/ HTTP/1.1" 200 221
12-01 06:57 logger       INFO     search: [{'formatted_address': 'Hin Tung, Mueang Nakhon Nayok District, Nakhon Nayok 26000, Thailand', 'name': 'Khao Yai National Park', 'opening_hours': {}}]
12-01 06:57 django.server INFO     "POST /api/search/ HTTP/1.1" 200 150
12-01 06:57 logger       INFO     remaining time : 1.3
12-01 06:57 django.server INFO     "POST /api/time-remain/ HTTP/1.1" 200 5
12-01 06:58 logger       INFO     duration between Wang Noi Hospital and Khao Yai National Park : 1 hour 14 mins
12-01 06:58 django.server INFO     "POST /api/place/ HTTP/1.1" 200 16
12-01 06:58 logger       INFO     remaining time : -0.13999999999999985
12-01 06:58 django.server INFO     "POST /api/time-remain/ HTTP/1.1" 200 7
12-01 06:58 logger       INFO     duration between Khao Yai National Park Visitor Center and Khao Yai National Park : 20 mins
12-01 06:58 django.server INFO     "POST /api/place/ HTTP/1.1" 200 9
12-01 06:58 logger       INFO     remaining time : 0.4000000000000001
12-01 06:58 django.server INFO     "POST /api/time-remain/ HTTP/1.1" 200 5
12-01 06:59 django.server INFO     "POST /api/user_data/ HTTP/1.1" 200 2
12-01 07:07 django.server INFO     "GET / HTTP/1.1" 200 698
12-01 07:07 django.server INFO     "GET /static/js/manifest.2ae2e69a05c33dfc65f8.js HTTP/1.1" 200 857
12-01 07:07 django.server INFO     "GET /static/css/app.8cf8345de2c358f5a3546a816b866972.css HTTP/1.1" 200 203547
12-01 07:07 django.server INFO     "GET /static/js/app.66b55e2ef02055022931.js HTTP/1.1" 200 33823
12-01 07:07 django.server INFO     "GET /static/js/vendor.0d6b511f58a42807b804.js HTTP/1.1" 200 409871
12-01 07:08 django.server INFO     "GET /static/img/travel-planner.8e0238f.png HTTP/1.1" 200 868789
12-01 07:08 logger       INFO     search: [{'formatted_address': '5820 125th Ln NE, Kirkland, WA 98033, USA', 'name': 'Central Park Tennis Club', 'opening_hours': {'open_now': False}}]
12-01 07:08 django.server INFO     "POST /api/search/ HTTP/1.1" 200 142
12-01 07:08 logger       INFO     search: [{'formatted_address': '999/9 Rama I Rd, Khwaeng Pathum Wan, Khet Pathum Wan, Krung Thep Maha Nakhon 10330, Thailand', 'name': 'CentralWorld', 'opening_hours': {'open_now': True}}]
12-01 07:08 django.server INFO     "POST /api/search/ HTTP/1.1" 200 180
12-01 07:09 django.server INFO     "GET / HTTP/1.1" 200 698
12-01 07:09 django.server INFO     "GET /static/css/app.8cf8345de2c358f5a3546a816b866972.css HTTP/1.1" 304 0
12-01 07:09 django.server INFO     "GET /static/js/manifest.2ae2e69a05c33dfc65f8.js HTTP/1.1" 304 0
12-01 07:09 django.server INFO     "GET /static/js/vendor.0d6b511f58a42807b804.js HTTP/1.1" 304 0
12-01 07:09 django.server INFO     "GET /static/js/app.66b55e2ef02055022931.js HTTP/1.1" 304 0
12-01 07:09 logger       INFO     search: [{'formatted_address': '5820 125th Ln NE, Kirkland, WA 98033, USA', 'name': 'Central Park Tennis Club', 'opening_hours': {'open_now': False}}]
12-01 07:09 django.server INFO     "POST /api/search/ HTTP/1.1" 200 142
12-01 07:10 django.server INFO     "GET / HTTP/1.1" 200 698
12-01 07:10 django.server INFO     "GET /static/css/app.8cf8345de2c358f5a3546a816b866972.css HTTP/1.1" 304 0
12-01 07:10 django.server INFO     "GET /static/js/manifest.2ae2e69a05c33dfc65f8.js HTTP/1.1" 304 0
12-01 07:10 django.server INFO     "GET /static/js/vendor.0d6b511f58a42807b804.js HTTP/1.1" 304 0
12-01 07:10 django.server INFO     "GET /static/js/app.66b55e2ef02055022931.js HTTP/1.1" 304 0
12-01 07:10 django.server INFO     "GET /static/js/manifest.2ae2e69a05c33dfc65f8.js.map HTTP/1.1" 200 4972
12-01 07:10 django.server INFO     "GET /static/js/app.66b55e2ef02055022931.js.map HTTP/1.1" 200 115398
12-01 07:10 django.server INFO     "GET /static/css/app.8cf8345de2c358f5a3546a816b866972.css.map HTTP/1.1" 200 545150
12-01 07:10 django.server INFO     "GET /static/js/vendor.0d6b511f58a42807b804.js.map HTTP/1.1" 200 1609796
12-01 07:11 django.server INFO     "GET / HTTP/1.1" 200 698
12-01 07:11 django.server INFO     "GET /static/css/app.8cf8345de2c358f5a3546a816b866972.css HTTP/1.1" 304 0
12-01 07:11 django.server INFO     "GET /static/js/manifest.2ae2e69a05c33dfc65f8.js HTTP/1.1" 304 0
12-01 07:11 django.server INFO     "GET /static/js/vendor.0d6b511f58a42807b804.js HTTP/1.1" 304 0
12-01 07:11 django.server INFO     "GET /static/js/app.66b55e2ef02055022931.js HTTP/1.1" 304 0
12-01 07:11 django.server INFO     "GET /static/js/manifest.2ae2e69a05c33dfc65f8.js.map HTTP/1.1" 304 0
12-01 07:11 django.server INFO     "GET /static/js/vendor.0d6b511f58a42807b804.js.map HTTP/1.1" 304 0
12-01 07:11 django.server INFO     "GET /static/js/app.66b55e2ef02055022931.js.map HTTP/1.1" 304 0
12-01 07:11 django.server INFO     "GET /static/css/app.8cf8345de2c358f5a3546a816b866972.css.map HTTP/1.1" 304 0
12-01 07:12 django.server INFO     "GET / HTTP/1.1" 200 698
12-01 07:12 django.server INFO     "GET /static/css/app.8cf8345de2c358f5a3546a816b866972.css HTTP/1.1" 200 203547
12-01 07:12 django.server INFO     "GET /static/js/manifest.2ae2e69a05c33dfc65f8.js HTTP/1.1" 200 857
12-01 07:12 django.server INFO     "GET /static/js/app.a8d5fb5942d1a3f0fe12.js HTTP/1.1" 200 33623
12-01 07:12 django.server INFO     "GET /static/js/vendor.0d6b511f58a42807b804.js HTTP/1.1" 200 409871
12-01 07:12 django.server INFO     "GET /static/js/manifest.2ae2e69a05c33dfc65f8.js.map HTTP/1.1" 200 4972
12-01 07:12 django.server INFO     "GET /static/css/app.8cf8345de2c358f5a3546a816b866972.css.map HTTP/1.1" 200 545150
12-01 07:12 django.server INFO     "GET /static/js/app.a8d5fb5942d1a3f0fe12.js.map HTTP/1.1" 200 115398
12-01 07:12 django.server INFO     "GET /static/js/vendor.0d6b511f58a42807b804.js.map HTTP/1.1" 200 1609796
12-01 07:12 logger       INFO     add {'date': '2018-11-27', 'name': 'Sathon road', 'id': '1hdaqv02v'}
12-01 07:13 logger       INFO     add {'date': '2018-11-27', 'name': 'pakkanuy', 'id': 'd7p0mg6zj'}
12-01 07:13 logger       INFO     add {'date': '2018-12-01', 'name': 'วัด9วัน', 'id': '7y5w29w2u'}
12-01 07:13 django.server INFO     "GET /static/img/travel-planner.8e0238f.png HTTP/1.1" 200 868789
12-01 07:13 django.server INFO     "POST /api/user_data/ HTTP/1.1" 200 221
12-01 07:13 logger       INFO     search: [{'formatted_address': '999/9 Rama I Rd, Khwaeng Pathum Wan, Khet Pathum Wan, Krung Thep Maha Nakhon 10330, Thailand', 'name': 'CentralWorld', 'opening_hours': {'open_now': True}}]
12-01 07:13 django.server INFO     "POST /api/search/ HTTP/1.1" 200 180
12-01 07:13 logger       INFO     remaining time : 23.0
12-01 07:13 django.server INFO     "POST /api/time-remain/ HTTP/1.1" 200 6
12-01 07:14 logger       INFO     duration between Wat Phra Chetuphon Vimolmangklararm Rajwaramahaviharn and CentralWorld : 23 mins
12-01 07:14 django.server INFO     "POST /api/place/ HTTP/1.1" 200 9
12-01 07:14 logger       INFO     remaining time : 21.37
12-01 07:14 django.server INFO     "POST /api/time-remain/ HTTP/1.1" 200 7
12-01 08:23 django.server INFO     "GET / HTTP/1.1" 200 698
12-01 08:23 django.server INFO     "GET /static/js/manifest.2ae2e69a05c33dfc65f8.js HTTP/1.1" 200 857
12-01 08:23 django.server INFO     "GET /static/js/app.a3de22f33b0cd5ee0dc9.js HTTP/1.1" 200 33818
12-01 08:23 django.server INFO     "GET /static/css/app.8cf8345de2c358f5a3546a816b866972.css HTTP/1.1" 200 203547
12-01 08:23 django.server INFO     "GET /static/js/vendor.0d6b511f58a42807b804.js HTTP/1.1" 200 409871
12-01 08:23 django.server INFO     "GET /static/css/app.8cf8345de2c358f5a3546a816b866972.css.map HTTP/1.1" 200 545150
12-01 08:23 django.server INFO     "GET /static/js/manifest.2ae2e69a05c33dfc65f8.js.map HTTP/1.1" 200 4972
12-01 08:23 django.server INFO     "GET /static/js/app.a3de22f33b0cd5ee0dc9.js.map HTTP/1.1" 200 115398
12-01 08:23 django.server INFO     "GET /static/js/vendor.0d6b511f58a42807b804.js.map HTTP/1.1" 200 1609796
12-01 08:24 django.server INFO     "GET / HTTP/1.1" 200 698
12-01 08:24 django.server INFO     "GET /static/css/app.8cf8345de2c358f5a3546a816b866972.css HTTP/1.1" 200 203547
12-01 08:24 django.server INFO     "GET /static/js/manifest.2ae2e69a05c33dfc65f8.js HTTP/1.1" 200 857
12-01 08:24 django.server INFO     "GET /static/js/vendor.0d6b511f58a42807b804.js HTTP/1.1" 200 409871
12-01 08:24 django.server INFO     "GET /static/js/app.a8d5fb5942d1a3f0fe12.js HTTP/1.1" 200 33623
12-01 08:24 django.server INFO     "GET /static/js/manifest.2ae2e69a05c33dfc65f8.js.map HTTP/1.1" 200 4972
12-01 08:24 django.server INFO     "GET /static/css/app.8cf8345de2c358f5a3546a816b866972.css.map HTTP/1.1" 200 545150
12-01 08:24 django.server INFO     "GET /static/js/app.a8d5fb5942d1a3f0fe12.js.map HTTP/1.1" 200 115398
12-01 08:24 django.server INFO     "GET /static/js/vendor.0d6b511f58a42807b804.js.map HTTP/1.1" 200 1609796
12-01 08:24 logger       INFO     add {'date': '2018-11-27', 'name': 'Sathon road', 'id': '1hdaqv02v'}
12-01 08:24 logger       INFO     add {'date': '2018-11-27', 'name': 'pakkanuy', 'id': 'd7p0mg6zj'}
12-01 08:24 logger       INFO     add {'date': '2018-12-01', 'name': 'วัด9วัน', 'id': '7y5w29w2u'}
12-01 08:24 django.server INFO     "POST /api/user_data/ HTTP/1.1" 200 221
12-01 08:25 logger       INFO     {'id': 'd7p0mg6zj', 'email': 'mmintttt@gmail.com', 'date': '2018-11-27', 'name': 'pakkanuy', 'location': 'SuperHIT Kaset nawamin', 'spendtime': '3.00', 'times': '00:00', 'duration': '0', 'remaining': '24.0'}
12-01 08:25 logger       INFO     {'id': 'd7p0mg6zj', 'email': 'mmintttt@gmail.com', 'date': '2018-11-27', 'name': 'pakkanuy', 'location': 'Lab Republic', 'spendtime': '3.00', 'times': '03:05', 'duration': '5 mins', 'remaining': '21.0'}
12-01 08:25 logger       INFO     {'id': 'd7p0mg6zj', 'email': 'mmintttt@gmail.com', 'date': '2018-11-27', 'name': 'pakkanuy', 'location': 'Thay ekamai', 'spendtime': '3.00', 'times': '06:32', 'duration': '27 mins', 'remaining': '17.55'}
12-01 08:25 logger       INFO     {'id': 'd7p0mg6zj', 'email': 'mmintttt@gmail.com', 'date': '2018-11-27', 'name': 'pakkanuy', 'location': 'RCA Block C', 'spendtime': '3.00', 'times': '09:43', 'duration': '11 mins', 'remaining': '14.28'}
12-01 08:25 logger       INFO     {'id': 'd7p0mg6zj', 'email': 'mmintttt@gmail.com', 'date': '2018-11-27', 'name': 'pakkanuy', 'location': 'Vipavadi', 'spendtime': '3.00', 'times': '16:36', 'duration': '32 mins', 'remaining': '11.17'}
12-01 08:25 logger       INFO     {'id': 'd7p0mg6zj', 'email': 'mmintttt@gmail.com', 'date': '2018-11-27', 'name': 'pakkanuy', 'location': '', 'spendtime': '', 'times': '00:00', 'duration': '32 mins', 'remaining': '7.45'}
12-01 08:25 django.server INFO     "POST /api/plan_data/ HTTP/1.1" 200 1214
